{"meta": {"format": 3, "version": "7.11.3", "timestamp": "2025-11-12T22:33:42.620276", "branch_coverage": false, "show_contexts": false}, "files": {"__init__.py": {"executed_lines": [1, 4, 5, 6, 8], "summary": {"covered_lines": 5, "num_statements": 5, "percent_covered": 100.0, "percent_covered_display": "100", "missing_lines": 0, "excluded_lines": 0}, "missing_lines": [], "excluded_lines": [], "functions": {"": {"executed_lines": [1, 4, 5, 6, 8], "summary": {"covered_lines": 5, "num_statements": 5, "percent_covered": 100.0, "percent_covered_display": "100", "missing_lines": 0, "excluded_lines": 0}, "missing_lines": [], "excluded_lines": []}}, "classes": {"": {"executed_lines": [1, 4, 5, 6, 8], "summary": {"covered_lines": 5, "num_statements": 5, "percent_covered": 100.0, "percent_covered_display": "100", "missing_lines": 0, "excluded_lines": 0}, "missing_lines": [], "excluded_lines": []}}}, "__main__.py": {"executed_lines": [], "summary": {"covered_lines": 0, "num_statements": 17, "percent_covered": 0.0, "percent_covered_display": "0", "missing_lines": 17, "excluded_lines": 0}, "missing_lines": [1, 2, 3, 5, 7, 9, 11, 12, 15, 16, 17, 18, 19, 20, 21, 22, 24], "excluded_lines": [], "functions": {"": {"executed_lines": [], "summary": {"covered_lines": 0, "num_statements": 17, "percent_covered": 0.0, "percent_covered_display": "0", "missing_lines": 17, "excluded_lines": 0}, "missing_lines": [1, 2, 3, 5, 7, 9, 11, 12, 15, 16, 17, 18, 19, 20, 21, 22, 24], "excluded_lines": []}}, "classes": {"": {"executed_lines": [], "summary": {"covered_lines": 0, "num_statements": 17, "percent_covered": 0.0, "percent_covered_display": "0", "missing_lines": 17, "excluded_lines": 0}, "missing_lines": [1, 2, 3, 5, 7, 9, 11, 12, 15, 16, 17, 18, 19, 20, 21, 22, 24], "excluded_lines": []}}}, "app.py": {"executed_lines": [], "summary": {"covered_lines": 0, "num_statements": 83, "percent_covered": 0.0, "percent_covered_display": "0", "missing_lines": 83, "excluded_lines": 0}, "missing_lines": [7, 8, 9, 10, 11, 12, 13, 14, 15, 17, 21, 22, 23, 25, 26, 29, 30, 31, 32, 33, 34, 36, 37, 38, 41, 42, 43, 46, 47, 49, 50, 61, 62, 63, 64, 65, 66, 69, 70, 72, 79, 80, 82, 83, 84, 85, 86, 87, 92, 97, 98, 104, 105, 107, 109, 112, 113, 114, 115, 116, 117, 118, 121, 124, 129, 131, 132, 133, 140, 143, 152, 155, 158, 160, 162, 163, 164, 165, 168, 171, 174, 175, 178], "excluded_lines": [], "functions": {"root": {"executed_lines": [], "summary": {"covered_lines": 0, "num_statements": 8, "percent_covered": 0.0, "percent_covered_display": "0", "missing_lines": 8, "excluded_lines": 0}, "missing_lines": [49, 50, 61, 62, 63, 64, 65, 66], "excluded_lines": []}, "health_check": {"executed_lines": [], "summary": {"covered_lines": 0, "num_statements": 1, "percent_covered": 0.0, "percent_covered_display": "0", "missing_lines": 1, "excluded_lines": 0}, "missing_lines": [72], "excluded_lines": []}, "debug_tools": {"executed_lines": [], "summary": {"covered_lines": 0, "num_statements": 9, "percent_covered": 0.0, "percent_covered_display": "0", "missing_lines": 9, "excluded_lines": 0}, "missing_lines": [82, 83, 84, 85, 86, 87, 92, 97, 98], "excluded_lines": []}, "process_embedding_queue_route": {"executed_lines": [], "summary": {"covered_lines": 0, "num_statements": 15, "percent_covered": 0.0, "percent_covered_display": "0", "missing_lines": 15, "excluded_lines": 0}, "missing_lines": [107, 109, 112, 113, 114, 115, 116, 117, 118, 121, 124, 129, 131, 132, 133], "excluded_lines": []}, "_patched_handle_request": {"executed_lines": [], "summary": {"covered_lines": 0, "num_statements": 7, "percent_covered": 0.0, "percent_covered_display": "0", "missing_lines": 7, "excluded_lines": 0}, "missing_lines": [160, 162, 163, 164, 165, 168, 171], "excluded_lines": []}, "": {"executed_lines": [], "summary": {"covered_lines": 0, "num_statements": 43, "percent_covered": 0.0, "percent_covered_display": "0", "missing_lines": 43, "excluded_lines": 0}, "missing_lines": [7, 8, 9, 10, 11, 12, 13, 14, 15, 17, 21, 22, 23, 25, 26, 29, 30, 31, 32, 33, 34, 36, 37, 38, 41, 42, 43, 46, 47, 69, 70, 79, 80, 104, 105, 140, 143, 152, 155, 158, 174, 175, 178], "excluded_lines": []}}, "classes": {"": {"executed_lines": [], "summary": {"covered_lines": 0, "num_statements": 83, "percent_covered": 0.0, "percent_covered_display": "0", "missing_lines": 83, "excluded_lines": 0}, "missing_lines": [7, 8, 9, 10, 11, 12, 13, 14, 15, 17, 21, 22, 23, 25, 26, 29, 30, 31, 32, 33, 34, 36, 37, 38, 41, 42, 43, 46, 47, 49, 50, 61, 62, 63, 64, 65, 66, 69, 70, 72, 79, 80, 82, 83, 84, 85, 86, 87, 92, 97, 98, 104, 105, 107, 109, 112, 113, 114, 115, 116, 117, 118, 121, 124, 129, 131, 132, 133, 140, 143, 152, 155, 158, 160, 162, 163, 164, 165, 168, 171, 174, 175, 178], "excluded_lines": []}}}, "auth/__init__.py": {"executed_lines": [], "summary": {"covered_lines": 0, "num_statements": 3, "percent_covered": 0.0, "percent_covered_display": "0", "missing_lines": 3, "excluded_lines": 0}, "missing_lines": [3, 10, 12], "excluded_lines": [], "functions": {"": {"executed_lines": [], "summary": {"covered_lines": 0, "num_statements": 3, "percent_covered": 0.0, "percent_covered_display": "0", "missing_lines": 3, "excluded_lines": 0}, "missing_lines": [3, 10, 12], "excluded_lines": []}}, "classes": {"": {"executed_lines": [], "summary": {"covered_lines": 0, "num_statements": 3, "percent_covered": 0.0, "percent_covered_display": "0", "missing_lines": 3, "excluded_lines": 0}, "missing_lines": [3, 10, 12], "excluded_lines": []}}}, "auth/persistent_authkit_provider.py": {"executed_lines": [], "summary": {"covered_lines": 0, "num_statements": 83, "percent_covered": 0.0, "percent_covered_display": "0", "missing_lines": 83, "excluded_lines": 0}, "missing_lines": [7, 9, 10, 11, 12, 13, 14, 16, 19, 21, 22, 25, 28, 29, 31, 33, 35, 37, 39, 40, 41, 44, 45, 46, 47, 48, 49, 50, 52, 53, 55, 56, 57, 59, 60, 63, 64, 65, 66, 69, 70, 72, 73, 75, 76, 77, 83, 84, 86, 87, 88, 90, 91, 100, 102, 110, 111, 112, 114, 115, 116, 121, 122, 125, 127, 128, 129, 131, 132, 134, 135, 136, 137, 138, 143, 145, 147, 148, 149, 150, 151, 153, 158], "excluded_lines": [], "functions": {"_create_http_session": {"executed_lines": [], "summary": {"covered_lines": 0, "num_statements": 2, "percent_covered": 0.0, "percent_covered_display": "0", "missing_lines": 2, "excluded_lines": 0}, "missing_lines": [21, 22], "excluded_lines": []}, "PersistentAuthKitProvider.__init__": {"executed_lines": [], "summary": {"covered_lines": 0, "num_statements": 1, "percent_covered": 0.0, "percent_covered_display": "0", "missing_lines": 1, "excluded_lines": 0}, "missing_lines": [29], "excluded_lines": []}, "PersistentAuthKitProvider.get_routes": {"executed_lines": [], "summary": {"covered_lines": 0, "num_statements": 5, "percent_covered": 0.0, "percent_covered_display": "0", "missing_lines": 5, "excluded_lines": 0}, "missing_lines": [33, 35, 145, 153, 158], "excluded_lines": []}, "PersistentAuthKitProvider.get_routes.standalone_auth_complete": {"executed_lines": [], "summary": {"covered_lines": 0, "num_statements": 58, "percent_covered": 0.0, "percent_covered_display": "0", "missing_lines": 58, "excluded_lines": 0}, "missing_lines": [37, 39, 40, 41, 44, 45, 46, 47, 48, 49, 50, 52, 53, 55, 56, 57, 59, 60, 63, 64, 65, 66, 69, 70, 72, 73, 75, 76, 77, 83, 84, 86, 87, 88, 90, 91, 100, 102, 110, 111, 112, 114, 115, 116, 121, 122, 125, 127, 128, 129, 131, 132, 134, 135, 136, 137, 138, 143], "excluded_lines": []}, "PersistentAuthKitProvider.get_routes.auth_complete_options": {"executed_lines": [], "summary": {"covered_lines": 0, "num_statements": 5, "percent_covered": 0.0, "percent_covered_display": "0", "missing_lines": 5, "excluded_lines": 0}, "missing_lines": [147, 148, 149, 150, 151], "excluded_lines": []}, "": {"executed_lines": [], "summary": {"covered_lines": 0, "num_statements": 12, "percent_covered": 0.0, "percent_covered_display": "0", "missing_lines": 12, "excluded_lines": 0}, "missing_lines": [7, 9, 10, 11, 12, 13, 14, 16, 19, 25, 28, 31], "excluded_lines": []}}, "classes": {"PersistentAuthKitProvider": {"executed_lines": [], "summary": {"covered_lines": 0, "num_statements": 69, "percent_covered": 0.0, "percent_covered_display": "0", "missing_lines": 69, "excluded_lines": 0}, "missing_lines": [29, 33, 35, 37, 39, 40, 41, 44, 45, 46, 47, 48, 49, 50, 52, 53, 55, 56, 57, 59, 60, 63, 64, 65, 66, 69, 70, 72, 73, 75, 76, 77, 83, 84, 86, 87, 88, 90, 91, 100, 102, 110, 111, 112, 114, 115, 116, 121, 122, 125, 127, 128, 129, 131, 132, 134, 135, 136, 137, 138, 143, 145, 147, 148, 149, 150, 151, 153, 158], "excluded_lines": []}, "": {"executed_lines": [], "summary": {"covered_lines": 0, "num_statements": 14, "percent_covered": 0.0, "percent_covered_display": "0", "missing_lines": 14, "excluded_lines": 0}, "missing_lines": [7, 9, 10, 11, 12, 13, 14, 16, 19, 21, 22, 25, 28, 31], "excluded_lines": []}}}, "auth/session_manager.py": {"executed_lines": [], "summary": {"covered_lines": 0, "num_statements": 104, "percent_covered": 0.0, "percent_covered_display": "0", "missing_lines": 104, "excluded_lines": 0}, "missing_lines": [7, 9, 10, 11, 12, 13, 15, 17, 20, 23, 30, 31, 33, 49, 50, 52, 55, 63, 64, 65, 67, 69, 70, 71, 73, 74, 75, 76, 77, 78, 79, 80, 82, 91, 92, 96, 97, 98, 100, 103, 104, 105, 106, 107, 108, 110, 111, 113, 114, 115, 117, 133, 134, 136, 137, 138, 139, 141, 145, 146, 147, 149, 150, 152, 153, 154, 156, 165, 166, 170, 171, 173, 174, 175, 177, 183, 184, 188, 189, 190, 192, 193, 194, 196, 206, 207, 208, 210, 215, 216, 217, 219, 220, 222, 223, 224, 227, 236, 240, 242, 243, 245, 247, 248], "excluded_lines": [], "functions": {"SessionManager.__init__": {"executed_lines": [], "summary": {"covered_lines": 0, "num_statements": 2, "percent_covered": 0.0, "percent_covered_display": "0", "missing_lines": 2, "excluded_lines": 0}, "missing_lines": [30, 31], "excluded_lines": []}, "SessionManager.create_session": {"executed_lines": [], "summary": {"covered_lines": 0, "num_statements": 19, "percent_covered": 0.0, "percent_covered_display": "0", "missing_lines": 19, "excluded_lines": 0}, "missing_lines": [49, 50, 52, 55, 63, 64, 65, 67, 69, 70, 71, 73, 74, 75, 76, 77, 78, 79, 80], "excluded_lines": []}, "SessionManager.get_session": {"executed_lines": [], "summary": {"covered_lines": 0, "num_statements": 17, "percent_covered": 0.0, "percent_covered_display": "0", "missing_lines": 17, "excluded_lines": 0}, "missing_lines": [91, 92, 96, 97, 98, 100, 103, 104, 105, 106, 107, 108, 110, 111, 113, 114, 115], "excluded_lines": []}, "SessionManager.update_session": {"executed_lines": [], "summary": {"covered_lines": 0, "num_statements": 15, "percent_covered": 0.0, "percent_covered_display": "0", "missing_lines": 15, "excluded_lines": 0}, "missing_lines": [133, 134, 136, 137, 138, 139, 141, 145, 146, 147, 149, 150, 152, 153, 154], "excluded_lines": []}, "SessionManager.delete_session": {"executed_lines": [], "summary": {"covered_lines": 0, "num_statements": 7, "percent_covered": 0.0, "percent_covered_display": "0", "missing_lines": 7, "excluded_lines": 0}, "missing_lines": [165, 166, 170, 171, 173, 174, 175], "excluded_lines": []}, "SessionManager.cleanup_expired_sessions": {"executed_lines": [], "summary": {"covered_lines": 0, "num_statements": 8, "percent_covered": 0.0, "percent_covered_display": "0", "missing_lines": 8, "excluded_lines": 0}, "missing_lines": [183, 184, 188, 189, 190, 192, 193, 194], "excluded_lines": []}, "SessionManager.extend_session": {"executed_lines": [], "summary": {"covered_lines": 0, "num_statements": 12, "percent_covered": 0.0, "percent_covered_display": "0", "missing_lines": 12, "excluded_lines": 0}, "missing_lines": [206, 207, 208, 210, 215, 216, 217, 219, 220, 222, 223, 224], "excluded_lines": []}, "create_session_manager": {"executed_lines": [], "summary": {"covered_lines": 0, "num_statements": 7, "percent_covered": 0.0, "percent_covered_display": "0", "missing_lines": 7, "excluded_lines": 0}, "missing_lines": [236, 240, 242, 243, 245, 247, 248], "excluded_lines": []}, "": {"executed_lines": [], "summary": {"covered_lines": 0, "num_statements": 17, "percent_covered": 0.0, "percent_covered_display": "0", "missing_lines": 17, "excluded_lines": 0}, "missing_lines": [7, 9, 10, 11, 12, 13, 15, 17, 20, 23, 33, 82, 117, 156, 177, 196, 227], "excluded_lines": []}}, "classes": {"SessionManager": {"executed_lines": [], "summary": {"covered_lines": 0, "num_statements": 80, "percent_covered": 0.0, "percent_covered_display": "0", "missing_lines": 80, "excluded_lines": 0}, "missing_lines": [30, 31, 49, 50, 52, 55, 63, 64, 65, 67, 69, 70, 71, 73, 74, 75, 76, 77, 78, 79, 80, 91, 92, 96, 97, 98, 100, 103, 104, 105, 106, 107, 108, 110, 111, 113, 114, 115, 133, 134, 136, 137, 138, 139, 141, 145, 146, 147, 149, 150, 152, 153, 154, 165, 166, 170, 171, 173, 174, 175, 183, 184, 188, 189, 190, 192, 193, 194, 206, 207, 208, 210, 215, 216, 217, 219, 220, 222, 223, 224], "excluded_lines": []}, "": {"executed_lines": [], "summary": {"covered_lines": 0, "num_statements": 24, "percent_covered": 0.0, "percent_covered_display": "0", "missing_lines": 24, "excluded_lines": 0}, "missing_lines": [7, 9, 10, 11, 12, 13, 15, 17, 20, 23, 33, 82, 117, 156, 177, 196, 227, 236, 240, 242, 243, 245, 247, 248], "excluded_lines": []}}}, "auth/session_middleware.py": {"executed_lines": [], "summary": {"covered_lines": 0, "num_statements": 72, "percent_covered": 0.0, "percent_covered_display": "0", "missing_lines": 72, "excluded_lines": 0}, "missing_lines": [7, 9, 10, 11, 12, 13, 15, 19, 22, 25, 32, 34, 39, 42, 43, 44, 47, 49, 50, 52, 54, 56, 57, 58, 59, 60, 61, 62, 66, 75, 76, 77, 78, 82, 85, 86, 87, 89, 91, 92, 93, 102, 104, 105, 106, 107, 108, 109, 112, 113, 114, 120, 123, 125, 131, 132, 133, 135, 136, 137, 140, 148, 151, 157, 158, 161, 163, 166, 173, 174, 176, 177], "excluded_lines": [], "functions": {"SessionMiddleware.__init__": {"executed_lines": [], "summary": {"covered_lines": 0, "num_statements": 1, "percent_covered": 0.0, "percent_covered_display": "0", "missing_lines": 1, "excluded_lines": 0}, "missing_lines": [32], "excluded_lines": []}, "SessionMiddleware.dispatch": {"executed_lines": [], "summary": {"covered_lines": 0, "num_statements": 41, "percent_covered": 0.0, "percent_covered_display": "0", "missing_lines": 41, "excluded_lines": 0}, "missing_lines": [39, 42, 43, 44, 47, 49, 50, 52, 54, 56, 57, 58, 59, 60, 61, 62, 66, 75, 76, 77, 78, 82, 85, 86, 87, 89, 91, 92, 93, 102, 104, 105, 106, 107, 108, 109, 112, 113, 114, 120, 123], "excluded_lines": []}, "SessionMiddleware._extract_jwt_token": {"executed_lines": [], "summary": {"covered_lines": 0, "num_statements": 6, "percent_covered": 0.0, "percent_covered_display": "0", "missing_lines": 6, "excluded_lines": 0}, "missing_lines": [131, 132, 133, 135, 136, 137], "excluded_lines": []}, "get_session_context": {"executed_lines": [], "summary": {"covered_lines": 0, "num_statements": 1, "percent_covered": 0.0, "percent_covered_display": "0", "missing_lines": 1, "excluded_lines": 0}, "missing_lines": [148], "excluded_lines": []}, "get_session_token": {"executed_lines": [], "summary": {"covered_lines": 0, "num_statements": 2, "percent_covered": 0.0, "percent_covered_display": "0", "missing_lines": 2, "excluded_lines": 0}, "missing_lines": [157, 158], "excluded_lines": []}, "mark_session_modified": {"executed_lines": [], "summary": {"covered_lines": 0, "num_statements": 1, "percent_covered": 0.0, "percent_covered_display": "0", "missing_lines": 1, "excluded_lines": 0}, "missing_lines": [163], "excluded_lines": []}, "update_session_state": {"executed_lines": [], "summary": {"covered_lines": 0, "num_statements": 4, "percent_covered": 0.0, "percent_covered_display": "0", "missing_lines": 4, "excluded_lines": 0}, "missing_lines": [173, 174, 176, 177], "excluded_lines": []}, "": {"executed_lines": [], "summary": {"covered_lines": 0, "num_statements": 16, "percent_covered": 0.0, "percent_covered_display": "0", "missing_lines": 16, "excluded_lines": 0}, "missing_lines": [7, 9, 10, 11, 12, 13, 15, 19, 22, 25, 34, 125, 140, 151, 161, 166], "excluded_lines": []}}, "classes": {"SessionMiddleware": {"executed_lines": [], "summary": {"covered_lines": 0, "num_statements": 48, "percent_covered": 0.0, "percent_covered_display": "0", "missing_lines": 48, "excluded_lines": 0}, "missing_lines": [32, 39, 42, 43, 44, 47, 49, 50, 52, 54, 56, 57, 58, 59, 60, 61, 62, 66, 75, 76, 77, 78, 82, 85, 86, 87, 89, 91, 92, 93, 102, 104, 105, 106, 107, 108, 109, 112, 113, 114, 120, 123, 131, 132, 133, 135, 136, 137], "excluded_lines": []}, "": {"executed_lines": [], "summary": {"covered_lines": 0, "num_statements": 24, "percent_covered": 0.0, "percent_covered_display": "0", "missing_lines": 24, "excluded_lines": 0}, "missing_lines": [7, 9, 10, 11, 12, 13, 15, 19, 22, 25, 34, 125, 140, 148, 151, 157, 158, 161, 163, 166, 173, 174, 176, 177], "excluded_lines": []}}}, "errors.py": {"executed_lines": [1, 3, 4, 7, 8, 9, 10, 11, 12, 14, 18, 22], "summary": {"covered_lines": 11, "num_statements": 31, "percent_covered": 35.483870967741936, "percent_covered_display": "35", "missing_lines": 20, "excluded_lines": 2}, "missing_lines": [19, 23, 24, 25, 26, 29, 31, 32, 33, 43, 51, 52, 53, 60, 68, 69, 76, 77, 84, 85], "excluded_lines": [14, 15], "functions": {"ApiError.__str__": {"executed_lines": [], "summary": {"covered_lines": 0, "num_statements": 0, "percent_covered": 100.0, "percent_covered_display": "100", "missing_lines": 0, "excluded_lines": 1}, "missing_lines": [], "excluded_lines": [15]}, "create_api_error_internal": {"executed_lines": [], "summary": {"covered_lines": 0, "num_statements": 1, "percent_covered": 0.0, "percent_covered_display": "0", "missing_lines": 1, "excluded_lines": 0}, "missing_lines": [19], "excluded_lines": []}, "normalize_error": {"executed_lines": [], "summary": {"covered_lines": 0, "num_statements": 19, "percent_covered": 0.0, "percent_covered_display": "0", "missing_lines": 19, "excluded_lines": 0}, "missing_lines": [23, 24, 25, 26, 29, 31, 32, 33, 43, 51, 52, 53, 60, 68, 69, 76, 77, 84, 85], "excluded_lines": []}, "": {"executed_lines": [1, 3, 4, 7, 8, 9, 10, 11, 12, 14, 18, 22], "summary": {"covered_lines": 11, "num_statements": 11, "percent_covered": 100.0, "percent_covered_display": "100", "missing_lines": 0, "excluded_lines": 1}, "missing_lines": [], "excluded_lines": [14]}}, "classes": {"ApiError": {"executed_lines": [], "summary": {"covered_lines": 0, "num_statements": 0, "percent_covered": 100.0, "percent_covered_display": "100", "missing_lines": 0, "excluded_lines": 1}, "missing_lines": [], "excluded_lines": [15]}, "": {"executed_lines": [1, 3, 4, 7, 8, 9, 10, 11, 12, 14, 18, 22], "summary": {"covered_lines": 11, "num_statements": 31, "percent_covered": 35.483870967741936, "percent_covered_display": "35", "missing_lines": 20, "excluded_lines": 1}, "missing_lines": [19, 23, 24, 25, 26, 29, 31, 32, 33, 43, 51, 52, 53, 60, 68, 69, 76, 77, 84, 85], "excluded_lines": [14]}}}, "example_usage.py": {"executed_lines": [], "summary": {"covered_lines": 0, "num_statements": 27, "percent_covered": 0.0, "percent_covered_display": "0", "missing_lines": 27, "excluded_lines": 0}, "missing_lines": [14, 16, 17, 18, 19, 20, 21, 22, 23, 26, 27, 28, 31, 32, 33, 36, 37, 40, 41, 42, 45, 46, 47, 50, 51, 53, 54], "excluded_lines": [], "functions": {"main": {"executed_lines": [], "summary": {"covered_lines": 0, "num_statements": 15, "percent_covered": 0.0, "percent_covered_display": "0", "missing_lines": 15, "excluded_lines": 0}, "missing_lines": [27, 28, 31, 32, 33, 36, 37, 40, 41, 42, 45, 46, 47, 50, 51], "excluded_lines": []}, "": {"executed_lines": [], "summary": {"covered_lines": 0, "num_statements": 12, "percent_covered": 0.0, "percent_covered_display": "0", "missing_lines": 12, "excluded_lines": 0}, "missing_lines": [14, 16, 17, 18, 19, 20, 21, 22, 23, 26, 53, 54], "excluded_lines": []}}, "classes": {"": {"executed_lines": [], "summary": {"covered_lines": 0, "num_statements": 27, "percent_covered": 0.0, "percent_covered_display": "0", "missing_lines": 27, "excluded_lines": 0}, "missing_lines": [14, 16, 17, 18, 19, 20, 21, 22, 23, 26, 27, 28, 31, 32, 33, 36, 37, 40, 41, 42, 45, 46, 47, 50, 51, 53, 54], "excluded_lines": []}}}, "infrastructure/__init__.py": {"executed_lines": [1, 7, 8, 14, 24], "summary": {"covered_lines": 4, "num_statements": 7, "percent_covered": 57.142857142857146, "percent_covered_display": "57", "missing_lines": 3, "excluded_lines": 0}, "missing_lines": [15, 16, 22], "excluded_lines": [], "functions": {"": {"executed_lines": [1, 7, 8, 14, 24], "summary": {"covered_lines": 4, "num_statements": 7, "percent_covered": 57.142857142857146, "percent_covered_display": "57", "missing_lines": 3, "excluded_lines": 0}, "missing_lines": [15, 16, 22], "excluded_lines": []}}, "classes": {"": {"executed_lines": [1, 7, 8, 14, 24], "summary": {"covered_lines": 4, "num_statements": 7, "percent_covered": 57.142857142857146, "percent_covered_display": "57", "missing_lines": 3, "excluded_lines": 0}, "missing_lines": [15, 16, 22], "excluded_lines": []}}}, "infrastructure/adapters.py": {"executed_lines": [1, 3, 5, 6, 7, 10, 11, 13, 14, 28, 29, 50, 51, 62, 63, 76, 77, 79, 80, 105, 106, 125, 126, 145, 146, 167, 168, 184, 185, 202, 203, 205, 206, 229, 230, 242, 243, 255, 256, 269, 270, 272, 273, 294, 295], "summary": {"covered_lines": 40, "num_statements": 56, "percent_covered": 71.42857142857143, "percent_covered_display": "71", "missing_lines": 16, "excluded_lines": 0}, "missing_lines": [26, 48, 60, 73, 103, 123, 143, 165, 182, 199, 227, 240, 253, 266, 292, 304], "excluded_lines": [], "functions": {"AuthAdapter.validate_token": {"executed_lines": [], "summary": {"covered_lines": 0, "num_statements": 1, "percent_covered": 0.0, "percent_covered_display": "0", "missing_lines": 1, "excluded_lines": 0}, "missing_lines": [26], "excluded_lines": []}, "AuthAdapter.create_session": {"executed_lines": [], "summary": {"covered_lines": 0, "num_statements": 1, "percent_covered": 0.0, "percent_covered_display": "0", "missing_lines": 1, "excluded_lines": 0}, "missing_lines": [48], "excluded_lines": []}, "AuthAdapter.revoke_session": {"executed_lines": [], "summary": {"covered_lines": 0, "num_statements": 1, "percent_covered": 0.0, "percent_covered_display": "0", "missing_lines": 1, "excluded_lines": 0}, "missing_lines": [60], "excluded_lines": []}, "AuthAdapter.verify_credentials": {"executed_lines": [], "summary": {"covered_lines": 0, "num_statements": 1, "percent_covered": 0.0, "percent_covered_display": "0", "missing_lines": 1, "excluded_lines": 0}, "missing_lines": [73], "excluded_lines": []}, "DatabaseAdapter.query": {"executed_lines": [], "summary": {"covered_lines": 0, "num_statements": 1, "percent_covered": 0.0, "percent_covered_display": "0", "missing_lines": 1, "excluded_lines": 0}, "missing_lines": [103], "excluded_lines": []}, "DatabaseAdapter.get_single": {"executed_lines": [], "summary": {"covered_lines": 0, "num_statements": 1, "percent_covered": 0.0, "percent_covered_display": "0", "missing_lines": 1, "excluded_lines": 0}, "missing_lines": [123], "excluded_lines": []}, "DatabaseAdapter.insert": {"executed_lines": [], "summary": {"covered_lines": 0, "num_statements": 1, "percent_covered": 0.0, "percent_covered_display": "0", "missing_lines": 1, "excluded_lines": 0}, "missing_lines": [143], "excluded_lines": []}, "DatabaseAdapter.update": {"executed_lines": [], "summary": {"covered_lines": 0, "num_statements": 1, "percent_covered": 0.0, "percent_covered_display": "0", "missing_lines": 1, "excluded_lines": 0}, "missing_lines": [165], "excluded_lines": []}, "DatabaseAdapter.delete": {"executed_lines": [], "summary": {"covered_lines": 0, "num_statements": 1, "percent_covered": 0.0, "percent_covered_display": "0", "missing_lines": 1, "excluded_lines": 0}, "missing_lines": [182], "excluded_lines": []}, "DatabaseAdapter.count": {"executed_lines": [], "summary": {"covered_lines": 0, "num_statements": 1, "percent_covered": 0.0, "percent_covered_display": "0", "missing_lines": 1, "excluded_lines": 0}, "missing_lines": [199], "excluded_lines": []}, "StorageAdapter.upload": {"executed_lines": [], "summary": {"covered_lines": 0, "num_statements": 1, "percent_covered": 0.0, "percent_covered_display": "0", "missing_lines": 1, "excluded_lines": 0}, "missing_lines": [227], "excluded_lines": []}, "StorageAdapter.download": {"executed_lines": [], "summary": {"covered_lines": 0, "num_statements": 1, "percent_covered": 0.0, "percent_covered_display": "0", "missing_lines": 1, "excluded_lines": 0}, "missing_lines": [240], "excluded_lines": []}, "StorageAdapter.delete": {"executed_lines": [], "summary": {"covered_lines": 0, "num_statements": 1, "percent_covered": 0.0, "percent_covered_display": "0", "missing_lines": 1, "excluded_lines": 0}, "missing_lines": [253], "excluded_lines": []}, "StorageAdapter.get_public_url": {"executed_lines": [], "summary": {"covered_lines": 0, "num_statements": 1, "percent_covered": 0.0, "percent_covered_display": "0", "missing_lines": 1, "excluded_lines": 0}, "missing_lines": [266], "excluded_lines": []}, "RealtimeAdapter.subscribe": {"executed_lines": [], "summary": {"covered_lines": 0, "num_statements": 1, "percent_covered": 0.0, "percent_covered_display": "0", "missing_lines": 1, "excluded_lines": 0}, "missing_lines": [292], "excluded_lines": []}, "RealtimeAdapter.unsubscribe": {"executed_lines": [], "summary": {"covered_lines": 0, "num_statements": 1, "percent_covered": 0.0, "percent_covered_display": "0", "missing_lines": 1, "excluded_lines": 0}, "missing_lines": [304], "excluded_lines": []}, "": {"executed_lines": [1, 3, 5, 6, 7, 10, 11, 13, 14, 28, 29, 50, 51, 62, 63, 76, 77, 79, 80, 105, 106, 125, 126, 145, 146, 167, 168, 184, 185, 202, 203, 205, 206, 229, 230, 242, 243, 255, 256, 269, 270, 272, 273, 294, 295], "summary": {"covered_lines": 40, "num_statements": 40, "percent_covered": 100.0, "percent_covered_display": "100", "missing_lines": 0, "excluded_lines": 0}, "missing_lines": [], "excluded_lines": []}}, "classes": {"AuthAdapter": {"executed_lines": [], "summary": {"covered_lines": 0, "num_statements": 4, "percent_covered": 0.0, "percent_covered_display": "0", "missing_lines": 4, "excluded_lines": 0}, "missing_lines": [26, 48, 60, 73], "excluded_lines": []}, "DatabaseAdapter": {"executed_lines": [], "summary": {"covered_lines": 0, "num_statements": 6, "percent_covered": 0.0, "percent_covered_display": "0", "missing_lines": 6, "excluded_lines": 0}, "missing_lines": [103, 123, 143, 165, 182, 199], "excluded_lines": []}, "StorageAdapter": {"executed_lines": [], "summary": {"covered_lines": 0, "num_statements": 4, "percent_covered": 0.0, "percent_covered_display": "0", "missing_lines": 4, "excluded_lines": 0}, "missing_lines": [227, 240, 253, 266], "excluded_lines": []}, "RealtimeAdapter": {"executed_lines": [], "summary": {"covered_lines": 0, "num_statements": 2, "percent_covered": 0.0, "percent_covered_display": "0", "missing_lines": 2, "excluded_lines": 0}, "missing_lines": [292, 304], "excluded_lines": []}, "": {"executed_lines": [1, 3, 5, 6, 7, 10, 11, 13, 14, 28, 29, 50, 51, 62, 63, 76, 77, 79, 80, 105, 106, 125, 126, 145, 146, 167, 168, 184, 185, 202, 203, 205, 206, 229, 230, 242, 243, 255, 256, 269, 270, 272, 273, 294, 295], "summary": {"covered_lines": 40, "num_statements": 40, "percent_covered": 100.0, "percent_covered_display": "100", "missing_lines": 0, "excluded_lines": 0}, "missing_lines": [], "excluded_lines": []}}}, "infrastructure/distributed_rate_limiter.py": {"executed_lines": [], "summary": {"covered_lines": 0, "num_statements": 95, "percent_covered": 0.0, "percent_covered_display": "0", "missing_lines": 95, "excluded_lines": 0}, "missing_lines": [7, 9, 10, 11, 13, 16, 23, 29, 30, 33, 42, 56, 57, 59, 60, 61, 63, 64, 66, 67, 68, 70, 71, 72, 74, 83, 94, 96, 99, 100, 102, 103, 107, 116, 124, 125, 127, 129, 140, 141, 146, 149, 150, 151, 153, 155, 156, 160, 169, 177, 191, 192, 194, 195, 197, 199, 200, 201, 202, 204, 205, 207, 208, 209, 210, 212, 219, 221, 222, 223, 225, 227, 228, 229, 231, 240, 242, 243, 244, 246, 253, 257, 260, 268, 270, 271, 272, 273, 274, 275, 277, 278, 283, 286, 289], "excluded_lines": [], "functions": {"DistributedRateLimiter.__init__": {"executed_lines": [], "summary": {"covered_lines": 0, "num_statements": 3, "percent_covered": 0.0, "percent_covered_display": "0", "missing_lines": 3, "excluded_lines": 0}, "missing_lines": [29, 30, 33], "excluded_lines": []}, "DistributedRateLimiter.check_rate_limit": {"executed_lines": [], "summary": {"covered_lines": 0, "num_statements": 14, "percent_covered": 0.0, "percent_covered_display": "0", "missing_lines": 14, "excluded_lines": 0}, "missing_lines": [56, 57, 59, 60, 61, 63, 64, 66, 67, 68, 70, 71, 72, 74], "excluded_lines": []}, "DistributedRateLimiter._check_redis": {"executed_lines": [], "summary": {"covered_lines": 0, "num_statements": 11, "percent_covered": 0.0, "percent_covered_display": "0", "missing_lines": 11, "excluded_lines": 0}, "missing_lines": [94, 96, 99, 100, 102, 103, 107, 116, 124, 125, 127], "excluded_lines": []}, "DistributedRateLimiter._check_memory": {"executed_lines": [], "summary": {"covered_lines": 0, "num_statements": 11, "percent_covered": 0.0, "percent_covered_display": "0", "missing_lines": 11, "excluded_lines": 0}, "missing_lines": [140, 141, 146, 149, 150, 151, 153, 155, 156, 160, 169], "excluded_lines": []}, "DistributedRateLimiter.get_remaining": {"executed_lines": [], "summary": {"covered_lines": 0, "num_statements": 15, "percent_covered": 0.0, "percent_covered_display": "0", "missing_lines": 15, "excluded_lines": 0}, "missing_lines": [191, 192, 194, 195, 197, 199, 200, 201, 202, 204, 205, 207, 208, 209, 210], "excluded_lines": []}, "DistributedRateLimiter.reset_user": {"executed_lines": [], "summary": {"covered_lines": 0, "num_statements": 8, "percent_covered": 0.0, "percent_covered_display": "0", "missing_lines": 8, "excluded_lines": 0}, "missing_lines": [219, 221, 222, 223, 225, 227, 228, 229], "excluded_lines": []}, "DistributedRateLimiter.get_stats": {"executed_lines": [], "summary": {"covered_lines": 0, "num_statements": 6, "percent_covered": 0.0, "percent_covered_display": "0", "missing_lines": 6, "excluded_lines": 0}, "missing_lines": [240, 242, 243, 244, 246, 253], "excluded_lines": []}, "get_distributed_rate_limiter": {"executed_lines": [], "summary": {"covered_lines": 0, "num_statements": 10, "percent_covered": 0.0, "percent_covered_display": "0", "missing_lines": 10, "excluded_lines": 0}, "missing_lines": [268, 270, 271, 272, 273, 274, 275, 277, 278, 283], "excluded_lines": []}, "reset_rate_limiter": {"executed_lines": [], "summary": {"covered_lines": 0, "num_statements": 1, "percent_covered": 0.0, "percent_covered_display": "0", "missing_lines": 1, "excluded_lines": 0}, "missing_lines": [289], "excluded_lines": []}, "": {"executed_lines": [], "summary": {"covered_lines": 0, "num_statements": 16, "percent_covered": 0.0, "percent_covered_display": "0", "missing_lines": 16, "excluded_lines": 0}, "missing_lines": [7, 9, 10, 11, 13, 16, 23, 42, 83, 129, 177, 212, 231, 257, 260, 286], "excluded_lines": []}}, "classes": {"DistributedRateLimiter": {"executed_lines": [], "summary": {"covered_lines": 0, "num_statements": 68, "percent_covered": 0.0, "percent_covered_display": "0", "missing_lines": 68, "excluded_lines": 0}, "missing_lines": [29, 30, 33, 56, 57, 59, 60, 61, 63, 64, 66, 67, 68, 70, 71, 72, 74, 94, 96, 99, 100, 102, 103, 107, 116, 124, 125, 127, 140, 141, 146, 149, 150, 151, 153, 155, 156, 160, 169, 191, 192, 194, 195, 197, 199, 200, 201, 202, 204, 205, 207, 208, 209, 210, 219, 221, 222, 223, 225, 227, 228, 229, 240, 242, 243, 244, 246, 253], "excluded_lines": []}, "": {"executed_lines": [], "summary": {"covered_lines": 0, "num_statements": 27, "percent_covered": 0.0, "percent_covered_display": "0", "missing_lines": 27, "excluded_lines": 0}, "missing_lines": [7, 9, 10, 11, 13, 16, 23, 42, 83, 129, 177, 212, 231, 257, 260, 268, 270, 271, 272, 273, 274, 275, 277, 278, 283, 286, 289], "excluded_lines": []}}}, "infrastructure/factory.py": {"executed_lines": [1, 9, 11, 12, 13, 15, 16, 17, 18, 19, 20, 21, 26, 40, 41, 46, 47, 48, 51, 52, 58, 60, 62, 63, 64, 69, 71, 73, 74, 75, 76, 81, 83, 85, 86, 87, 92, 94, 96, 97, 98, 103, 105, 107, 114, 119, 120, 122, 123, 124, 130, 133, 136, 137, 138, 141, 149], "summary": {"covered_lines": 55, "num_statements": 76, "percent_covered": 72.36842105263158, "percent_covered_display": "72", "missing_lines": 21, "excluded_lines": 0}, "missing_lines": [27, 28, 29, 30, 31, 32, 33, 37, 53, 67, 79, 90, 101, 116, 121, 125, 126, 144, 145, 146, 152], "excluded_lines": [], "functions": {"AdapterFactory.__init__": {"executed_lines": [47, 48, 51, 52, 58], "summary": {"covered_lines": 5, "num_statements": 6, "percent_covered": 83.33333333333333, "percent_covered_display": "83", "missing_lines": 1, "excluded_lines": 0}, "missing_lines": [53], "excluded_lines": []}, "AdapterFactory.get_auth_adapter": {"executed_lines": [62, 63, 64, 69], "summary": {"covered_lines": 4, "num_statements": 5, "percent_covered": 80.0, "percent_covered_display": "80", "missing_lines": 1, "excluded_lines": 0}, "missing_lines": [67], "excluded_lines": []}, "AdapterFactory.get_database_adapter": {"executed_lines": [73, 74, 75, 76, 81], "summary": {"covered_lines": 5, "num_statements": 6, "percent_covered": 83.33333333333333, "percent_covered_display": "83", "missing_lines": 1, "excluded_lines": 0}, "missing_lines": [79], "excluded_lines": []}, "AdapterFactory.get_storage_adapter": {"executed_lines": [85, 86, 87, 92], "summary": {"covered_lines": 4, "num_statements": 5, "percent_covered": 80.0, "percent_covered_display": "80", "missing_lines": 1, "excluded_lines": 0}, "missing_lines": [90], "excluded_lines": []}, "AdapterFactory.get_realtime_adapter": {"executed_lines": [96, 97, 98, 103], "summary": {"covered_lines": 4, "num_statements": 5, "percent_covered": 80.0, "percent_covered_display": "80", "missing_lines": 1, "excluded_lines": 0}, "missing_lines": [101], "excluded_lines": []}, "AdapterFactory.get_all_adapters": {"executed_lines": [107], "summary": {"covered_lines": 1, "num_statements": 1, "percent_covered": 100.0, "percent_covered_display": "100", "missing_lines": 0, "excluded_lines": 0}, "missing_lines": [], "excluded_lines": []}, "AdapterFactory.get_backend_type": {"executed_lines": [], "summary": {"covered_lines": 0, "num_statements": 1, "percent_covered": 0.0, "percent_covered_display": "0", "missing_lines": 1, "excluded_lines": 0}, "missing_lines": [116], "excluded_lines": []}, "_load_mock_seed": {"executed_lines": [120, 122, 123, 124], "summary": {"covered_lines": 4, "num_statements": 7, "percent_covered": 57.142857142857146, "percent_covered_display": "57", "missing_lines": 3, "excluded_lines": 0}, "missing_lines": [121, 125, 126], "excluded_lines": []}, "get_adapters": {"executed_lines": [136, 137, 138], "summary": {"covered_lines": 3, "num_statements": 3, "percent_covered": 100.0, "percent_covered_display": "100", "missing_lines": 0, "excluded_lines": 0}, "missing_lines": [], "excluded_lines": []}, "get_adapter_factory": {"executed_lines": [], "summary": {"covered_lines": 0, "num_statements": 3, "percent_covered": 0.0, "percent_covered_display": "0", "missing_lines": 3, "excluded_lines": 0}, "missing_lines": [144, 145, 146], "excluded_lines": []}, "reset_factory": {"executed_lines": [], "summary": {"covered_lines": 0, "num_statements": 1, "percent_covered": 0.0, "percent_covered_display": "0", "missing_lines": 1, "excluded_lines": 0}, "missing_lines": [152], "excluded_lines": []}, "": {"executed_lines": [1, 9, 11, 12, 13, 15, 16, 17, 18, 19, 20, 21, 26, 40, 41, 46, 60, 71, 83, 94, 105, 114, 119, 130, 133, 141, 149], "summary": {"covered_lines": 25, "num_statements": 33, "percent_covered": 75.75757575757575, "percent_covered_display": "76", "missing_lines": 8, "excluded_lines": 0}, "missing_lines": [27, 28, 29, 30, 31, 32, 33, 37], "excluded_lines": []}}, "classes": {"AdapterFactory": {"executed_lines": [47, 48, 51, 52, 58, 62, 63, 64, 69, 73, 74, 75, 76, 81, 85, 86, 87, 92, 96, 97, 98, 103, 107], "summary": {"covered_lines": 23, "num_statements": 29, "percent_covered": 79.3103448275862, "percent_covered_display": "79", "missing_lines": 6, "excluded_lines": 0}, "missing_lines": [53, 67, 79, 90, 101, 116], "excluded_lines": []}, "": {"executed_lines": [1, 9, 11, 12, 13, 15, 16, 17, 18, 19, 20, 21, 26, 40, 41, 46, 60, 71, 83, 94, 105, 114, 119, 120, 122, 123, 124, 130, 133, 136, 137, 138, 141, 149], "summary": {"covered_lines": 32, "num_statements": 47, "percent_covered": 68.08510638297872, "percent_covered_display": "68", "missing_lines": 15, "excluded_lines": 0}, "missing_lines": [27, 28, 29, 30, 31, 32, 33, 37, 121, 125, 126, 144, 145, 146, 152], "excluded_lines": []}}}, "infrastructure/health.py": {"executed_lines": [], "summary": {"covered_lines": 0, "num_statements": 97, "percent_covered": 0.0, "percent_covered_display": "0", "missing_lines": 97, "excluded_lines": 0}, "missing_lines": [6, 7, 8, 9, 11, 14, 17, 18, 19, 20, 22, 24, 25, 27, 30, 31, 33, 34, 36, 41, 42, 43, 49, 51, 53, 56, 58, 62, 63, 64, 69, 71, 72, 75, 76, 78, 83, 84, 85, 90, 92, 93, 95, 96, 99, 100, 105, 107, 113, 114, 115, 120, 122, 123, 125, 126, 128, 130, 135, 136, 137, 142, 144, 145, 147, 150, 152, 156, 157, 158, 163, 165, 168, 179, 182, 192, 193, 194, 195, 196, 198, 200, 207, 208, 210, 212, 215, 216, 217, 219, 221, 225, 228, 231, 232, 233, 234], "excluded_lines": [], "functions": {"HealthChecker.__init__": {"executed_lines": [], "summary": {"covered_lines": 0, "num_statements": 3, "percent_covered": 0.0, "percent_covered_display": "0", "missing_lines": 3, "excluded_lines": 0}, "missing_lines": [18, 19, 20], "excluded_lines": []}, "HealthChecker.check_database": {"executed_lines": [], "summary": {"covered_lines": 0, "num_statements": 11, "percent_covered": 0.0, "percent_covered_display": "0", "missing_lines": 11, "excluded_lines": 0}, "missing_lines": [24, 25, 27, 30, 31, 33, 34, 36, 41, 42, 43], "excluded_lines": []}, "HealthChecker.check_authentication": {"executed_lines": [], "summary": {"covered_lines": 0, "num_statements": 7, "percent_covered": 0.0, "percent_covered_display": "0", "missing_lines": 7, "excluded_lines": 0}, "missing_lines": [51, 53, 56, 58, 62, 63, 64], "excluded_lines": []}, "HealthChecker.check_cache": {"executed_lines": [], "summary": {"covered_lines": 0, "num_statements": 8, "percent_covered": 0.0, "percent_covered_display": "0", "missing_lines": 8, "excluded_lines": 0}, "missing_lines": [71, 72, 75, 76, 78, 83, 84, 85], "excluded_lines": []}, "HealthChecker.check_performance": {"executed_lines": [], "summary": {"covered_lines": 0, "num_statements": 11, "percent_covered": 0.0, "percent_covered_display": "0", "missing_lines": 11, "excluded_lines": 0}, "missing_lines": [92, 93, 95, 96, 99, 100, 105, 107, 113, 114, 115], "excluded_lines": []}, "HealthChecker.check_errors": {"executed_lines": [], "summary": {"covered_lines": 0, "num_statements": 9, "percent_covered": 0.0, "percent_covered_display": "0", "missing_lines": 9, "excluded_lines": 0}, "missing_lines": [122, 123, 125, 126, 128, 130, 135, 136, 137], "excluded_lines": []}, "HealthChecker.check_rate_limiter": {"executed_lines": [], "summary": {"covered_lines": 0, "num_statements": 8, "percent_covered": 0.0, "percent_covered_display": "0", "missing_lines": 8, "excluded_lines": 0}, "missing_lines": [144, 145, 147, 150, 152, 156, 157, 158], "excluded_lines": []}, "HealthChecker.comprehensive_check": {"executed_lines": [], "summary": {"covered_lines": 0, "num_statements": 14, "percent_covered": 0.0, "percent_covered_display": "0", "missing_lines": 14, "excluded_lines": 0}, "missing_lines": [165, 168, 179, 182, 192, 193, 194, 195, 196, 198, 200, 207, 208, 210], "excluded_lines": []}, "HealthChecker._calculate_uptime": {"executed_lines": [], "summary": {"covered_lines": 0, "num_statements": 3, "percent_covered": 0.0, "percent_covered_display": "0", "missing_lines": 3, "excluded_lines": 0}, "missing_lines": [215, 216, 217], "excluded_lines": []}, "HealthChecker.get_last_check": {"executed_lines": [], "summary": {"covered_lines": 0, "num_statements": 1, "percent_covered": 0.0, "percent_covered_display": "0", "missing_lines": 1, "excluded_lines": 0}, "missing_lines": [221], "excluded_lines": []}, "get_health_checker": {"executed_lines": [], "summary": {"covered_lines": 0, "num_statements": 4, "percent_covered": 0.0, "percent_covered_display": "0", "missing_lines": 4, "excluded_lines": 0}, "missing_lines": [231, 232, 233, 234], "excluded_lines": []}, "": {"executed_lines": [], "summary": {"covered_lines": 0, "num_statements": 18, "percent_covered": 0.0, "percent_covered_display": "0", "missing_lines": 18, "excluded_lines": 0}, "missing_lines": [6, 7, 8, 9, 11, 14, 17, 22, 49, 69, 90, 120, 142, 163, 212, 219, 225, 228], "excluded_lines": []}}, "classes": {"HealthChecker": {"executed_lines": [], "summary": {"covered_lines": 0, "num_statements": 75, "percent_covered": 0.0, "percent_covered_display": "0", "missing_lines": 75, "excluded_lines": 0}, "missing_lines": [18, 19, 20, 24, 25, 27, 30, 31, 33, 34, 36, 41, 42, 43, 51, 53, 56, 58, 62, 63, 64, 71, 72, 75, 76, 78, 83, 84, 85, 92, 93, 95, 96, 99, 100, 105, 107, 113, 114, 115, 122, 123, 125, 126, 128, 130, 135, 136, 137, 144, 145, 147, 150, 152, 156, 157, 158, 165, 168, 179, 182, 192, 193, 194, 195, 196, 198, 200, 207, 208, 210, 215, 216, 217, 221], "excluded_lines": []}, "": {"executed_lines": [], "summary": {"covered_lines": 0, "num_statements": 22, "percent_covered": 0.0, "percent_covered_display": "0", "missing_lines": 22, "excluded_lines": 0}, "missing_lines": [6, 7, 8, 9, 11, 14, 17, 22, 49, 69, 90, 120, 142, 163, 212, 219, 225, 228, 231, 232, 233, 234], "excluded_lines": []}}}, "infrastructure/mcp_client_adapter.py": {"executed_lines": [1, 3, 5, 7, 8, 9, 15, 16, 18, 21, 26, 27, 31], "summary": {"covered_lines": 11, "num_statements": 26, "percent_covered": 42.30769230769231, "percent_covered_display": "42", "missing_lines": 15, "excluded_lines": 0}, "missing_lines": [10, 11, 12, 19, 23, 28, 29, 32, 33, 34, 35, 36, 38, 39, 40], "excluded_lines": [], "functions": {"InMemoryMcpClient.health": {"executed_lines": [], "summary": {"covered_lines": 0, "num_statements": 1, "percent_covered": 0.0, "percent_covered_display": "0", "missing_lines": 1, "excluded_lines": 0}, "missing_lines": [19], "excluded_lines": []}, "InMemoryMcpClient.call_mcp": {"executed_lines": [], "summary": {"covered_lines": 0, "num_statements": 1, "percent_covered": 0.0, "percent_covered_display": "0", "missing_lines": 1, "excluded_lines": 0}, "missing_lines": [23], "excluded_lines": []}, "McpClientFactory.__init__": {"executed_lines": [], "summary": {"covered_lines": 0, "num_statements": 2, "percent_covered": 0.0, "percent_covered_display": "0", "missing_lines": 2, "excluded_lines": 0}, "missing_lines": [28, 29], "excluded_lines": []}, "McpClientFactory.get": {"executed_lines": [], "summary": {"covered_lines": 0, "num_statements": 8, "percent_covered": 0.0, "percent_covered_display": "0", "missing_lines": 8, "excluded_lines": 0}, "missing_lines": [32, 33, 34, 35, 36, 38, 39, 40], "excluded_lines": []}, "": {"executed_lines": [1, 3, 5, 7, 8, 9, 15, 16, 18, 21, 26, 27, 31], "summary": {"covered_lines": 11, "num_statements": 14, "percent_covered": 78.57142857142857, "percent_covered_display": "79", "missing_lines": 3, "excluded_lines": 0}, "missing_lines": [10, 11, 12], "excluded_lines": []}}, "classes": {"InMemoryMcpClient": {"executed_lines": [], "summary": {"covered_lines": 0, "num_statements": 2, "percent_covered": 0.0, "percent_covered_display": "0", "missing_lines": 2, "excluded_lines": 0}, "missing_lines": [19, 23], "excluded_lines": []}, "McpClientFactory": {"executed_lines": [], "summary": {"covered_lines": 0, "num_statements": 10, "percent_covered": 0.0, "percent_covered_display": "0", "missing_lines": 10, "excluded_lines": 0}, "missing_lines": [28, 29, 32, 33, 34, 35, 36, 38, 39, 40], "excluded_lines": []}, "": {"executed_lines": [1, 3, 5, 7, 8, 9, 15, 16, 18, 21, 26, 27, 31], "summary": {"covered_lines": 11, "num_statements": 14, "percent_covered": 78.57142857142857, "percent_covered_display": "79", "missing_lines": 3, "excluded_lines": 0}, "missing_lines": [10, 11, 12], "excluded_lines": []}}}, "infrastructure/mock_adapters.py": {"executed_lines": [1, 13, 15, 16, 17, 18, 19, 20, 21, 22, 24, 25, 34, 35, 36, 39, 40, 41, 42, 43, 44, 45, 47, 49, 51, 52, 53, 54, 56, 58, 59, 61, 62, 69, 70, 72, 73, 74, 75, 76, 77, 78, 80, 81, 82, 84, 92, 93, 94, 95, 104, 106, 108, 111, 112, 115, 116, 119, 120, 123, 124, 126, 128, 134, 135, 137, 138, 139, 140, 143, 144, 145, 146, 148, 149, 150, 151, 153, 154, 161, 162, 163, 165, 169, 172, 175, 183, 184, 193, 194, 195, 196, 197, 200, 209, 217, 221, 228, 238, 246, 286, 303, 317, 361, 362, 363, 364, 366, 372, 376, 386, 387, 396, 411, 422, 443, 481, 487, 491, 500, 501, 504, 506, 507, 509, 511, 513, 516, 518, 519, 521, 523, 524, 525, 526, 530, 544, 549, 551, 552, 554, 557, 558, 559, 560, 561, 564, 565, 568], "summary": {"covered_lines": 146, "num_statements": 268, "percent_covered": 54.47761194029851, "percent_covered_display": "54", "missing_lines": 122, "excluded_lines": 0}, "missing_lines": [26, 27, 65, 66, 67, 97, 98, 99, 100, 101, 102, 166, 167, 170, 173, 176, 218, 222, 223, 224, 225, 229, 230, 231, 232, 233, 234, 265, 266, 268, 278, 284, 295, 296, 297, 298, 299, 300, 301, 308, 309, 315, 322, 323, 325, 335, 336, 337, 339, 341, 349, 354, 367, 368, 369, 370, 373, 377, 378, 379, 404, 405, 406, 407, 408, 409, 413, 414, 415, 416, 417, 418, 419, 420, 431, 432, 433, 434, 435, 436, 437, 438, 439, 440, 441, 455, 457, 458, 459, 460, 464, 465, 466, 467, 468, 469, 472, 473, 474, 476, 477, 483, 484, 485, 489, 493, 502, 510, 528, 531, 532, 533, 535, 536, 537, 538, 539, 541, 550, 569, 570, 571], "excluded_lines": [], "functions": {"InMemoryDatabaseAdapter.__init__": {"executed_lines": [41, 42, 43, 44, 45], "summary": {"covered_lines": 5, "num_statements": 5, "percent_covered": 100.0, "percent_covered_display": "100", "missing_lines": 0, "excluded_lines": 0}, "missing_lines": [], "excluded_lines": []}, "InMemoryDatabaseAdapter.set_access_token": {"executed_lines": [49], "summary": {"covered_lines": 1, "num_statements": 1, "percent_covered": 100.0, "percent_covered_display": "100", "missing_lines": 0, "excluded_lines": 0}, "missing_lines": [], "excluded_lines": []}, "InMemoryDatabaseAdapter._tbl": {"executed_lines": [52, 53, 54], "summary": {"covered_lines": 3, "num_statements": 3, "percent_covered": 100.0, "percent_covered_display": "100", "missing_lines": 0, "excluded_lines": 0}, "missing_lines": [], "excluded_lines": []}, "InMemoryDatabaseAdapter.query": {"executed_lines": [58, 59, 61, 62, 69, 73, 74, 75, 76, 77, 78], "summary": {"covered_lines": 11, "num_statements": 14, "percent_covered": 78.57142857142857, "percent_covered_display": "79", "missing_lines": 3, "excluded_lines": 0}, "missing_lines": [65, 66, 67], "excluded_lines": []}, "InMemoryDatabaseAdapter.query.safe_sort_key": {"executed_lines": [70, 72], "summary": {"covered_lines": 2, "num_statements": 2, "percent_covered": 100.0, "percent_covered_display": "100", "missing_lines": 0, "excluded_lines": 0}, "missing_lines": [], "excluded_lines": []}, "InMemoryDatabaseAdapter.get_single": {"executed_lines": [81, 82], "summary": {"covered_lines": 2, "num_statements": 2, "percent_covered": 100.0, "percent_covered_display": "100", "missing_lines": 0, "excluded_lines": 0}, "missing_lines": [], "excluded_lines": []}, "InMemoryDatabaseAdapter.insert": {"executed_lines": [92, 93, 94, 95], "summary": {"covered_lines": 4, "num_statements": 10, "percent_covered": 40.0, "percent_covered_display": "40", "missing_lines": 6, "excluded_lines": 0}, "missing_lines": [97, 98, 99, 100, 101, 102], "excluded_lines": []}, "InMemoryDatabaseAdapter._prepare_row": {"executed_lines": [106, 108, 111, 112, 115, 116, 119, 120, 123, 124, 126], "summary": {"covered_lines": 11, "num_statements": 11, "percent_covered": 100.0, "percent_covered_display": "100", "missing_lines": 0, "excluded_lines": 0}, "missing_lines": [], "excluded_lines": []}, "InMemoryDatabaseAdapter.update": {"executed_lines": [134, 135, 137, 138, 139, 140, 143, 144, 145, 146], "summary": {"covered_lines": 10, "num_statements": 10, "percent_covered": 100.0, "percent_covered_display": "100", "missing_lines": 0, "excluded_lines": 0}, "missing_lines": [], "excluded_lines": []}, "InMemoryDatabaseAdapter.delete": {"executed_lines": [149, 150, 151], "summary": {"covered_lines": 3, "num_statements": 3, "percent_covered": 100.0, "percent_covered_display": "100", "missing_lines": 0, "excluded_lines": 0}, "missing_lines": [], "excluded_lines": []}, "InMemoryDatabaseAdapter.count": {"executed_lines": [154], "summary": {"covered_lines": 1, "num_statements": 1, "percent_covered": 100.0, "percent_covered_display": "100", "missing_lines": 0, "excluded_lines": 0}, "missing_lines": [], "excluded_lines": []}, "InMemoryStorageAdapter.__init__": {"executed_lines": [163], "summary": {"covered_lines": 1, "num_statements": 1, "percent_covered": 100.0, "percent_covered_display": "100", "missing_lines": 0, "excluded_lines": 0}, "missing_lines": [], "excluded_lines": []}, "InMemoryStorageAdapter.upload": {"executed_lines": [], "summary": {"covered_lines": 0, "num_statements": 2, "percent_covered": 0.0, "percent_covered_display": "0", "missing_lines": 2, "excluded_lines": 0}, "missing_lines": [166, 167], "excluded_lines": []}, "InMemoryStorageAdapter.download": {"executed_lines": [], "summary": {"covered_lines": 0, "num_statements": 1, "percent_covered": 0.0, "percent_covered_display": "0", "missing_lines": 1, "excluded_lines": 0}, "missing_lines": [170], "excluded_lines": []}, "InMemoryStorageAdapter.delete": {"executed_lines": [], "summary": {"covered_lines": 0, "num_statements": 1, "percent_covered": 0.0, "percent_covered_display": "0", "missing_lines": 1, "excluded_lines": 0}, "missing_lines": [173], "excluded_lines": []}, "InMemoryStorageAdapter.get_public_url": {"executed_lines": [], "summary": {"covered_lines": 0, "num_statements": 1, "percent_covered": 0.0, "percent_covered_display": "0", "missing_lines": 1, "excluded_lines": 0}, "missing_lines": [176], "excluded_lines": []}, "InMemoryAuthAdapter.__init__": {"executed_lines": [194, 195, 196, 197, 200], "summary": {"covered_lines": 5, "num_statements": 5, "percent_covered": 100.0, "percent_covered_display": "100", "missing_lines": 0, "excluded_lines": 0}, "missing_lines": [], "excluded_lines": []}, "InMemoryAuthAdapter.validate_token": {"executed_lines": [217, 221, 228, 238], "summary": {"covered_lines": 4, "num_statements": 15, "percent_covered": 26.666666666666668, "percent_covered_display": "27", "missing_lines": 11, "excluded_lines": 0}, "missing_lines": [218, 222, 223, 224, 225, 229, 230, 231, 232, 233, 234], "excluded_lines": []}, "InMemoryAuthAdapter.create_session": {"executed_lines": [], "summary": {"covered_lines": 0, "num_statements": 5, "percent_covered": 0.0, "percent_covered_display": "0", "missing_lines": 5, "excluded_lines": 0}, "missing_lines": [265, 266, 268, 278, 284], "excluded_lines": []}, "InMemoryAuthAdapter.revoke_session": {"executed_lines": [], "summary": {"covered_lines": 0, "num_statements": 7, "percent_covered": 0.0, "percent_covered_display": "0", "missing_lines": 7, "excluded_lines": 0}, "missing_lines": [295, 296, 297, 298, 299, 300, 301], "excluded_lines": []}, "InMemoryAuthAdapter.verify_credentials": {"executed_lines": [], "summary": {"covered_lines": 0, "num_statements": 3, "percent_covered": 0.0, "percent_covered_display": "0", "missing_lines": 3, "excluded_lines": 0}, "missing_lines": [308, 309, 315], "excluded_lines": []}, "InMemoryAuthAdapter._create_bearer_token": {"executed_lines": [], "summary": {"covered_lines": 0, "num_statements": 10, "percent_covered": 0.0, "percent_covered_display": "0", "missing_lines": 10, "excluded_lines": 0}, "missing_lines": [322, 323, 325, 335, 336, 337, 339, 341, 349, 354], "excluded_lines": []}, "InMemoryRealtimeAdapter.__init__": {"executed_lines": [363, 364], "summary": {"covered_lines": 2, "num_statements": 2, "percent_covered": 100.0, "percent_covered_display": "100", "missing_lines": 0, "excluded_lines": 0}, "missing_lines": [], "excluded_lines": []}, "InMemoryRealtimeAdapter.subscribe": {"executed_lines": [], "summary": {"covered_lines": 0, "num_statements": 4, "percent_covered": 0.0, "percent_covered_display": "0", "missing_lines": 4, "excluded_lines": 0}, "missing_lines": [367, 368, 369, 370], "excluded_lines": []}, "InMemoryRealtimeAdapter.unsubscribe": {"executed_lines": [], "summary": {"covered_lines": 0, "num_statements": 1, "percent_covered": 0.0, "percent_covered_display": "0", "missing_lines": 1, "excluded_lines": 0}, "missing_lines": [373], "excluded_lines": []}, "InMemoryRealtimeAdapter._emit": {"executed_lines": [], "summary": {"covered_lines": 0, "num_statements": 3, "percent_covered": 0.0, "percent_covered_display": "0", "missing_lines": 3, "excluded_lines": 0}, "missing_lines": [377, 378, 379], "excluded_lines": []}, "HttpMcpClient.__init__": {"executed_lines": [], "summary": {"covered_lines": 0, "num_statements": 6, "percent_covered": 0.0, "percent_covered_display": "0", "missing_lines": 6, "excluded_lines": 0}, "missing_lines": [404, 405, 406, 407, 408, 409], "excluded_lines": []}, "HttpMcpClient._get_session": {"executed_lines": [], "summary": {"covered_lines": 0, "num_statements": 8, "percent_covered": 0.0, "percent_covered_display": "0", "missing_lines": 8, "excluded_lines": 0}, "missing_lines": [413, 414, 415, 416, 417, 418, 419, 420], "excluded_lines": []}, "HttpMcpClient.health": {"executed_lines": [], "summary": {"covered_lines": 0, "num_statements": 11, "percent_covered": 0.0, "percent_covered_display": "0", "missing_lines": 11, "excluded_lines": 0}, "missing_lines": [431, 432, 433, 434, 435, 436, 437, 438, 439, 440, 441], "excluded_lines": []}, "HttpMcpClient.call_mcp": {"executed_lines": [], "summary": {"covered_lines": 0, "num_statements": 16, "percent_covered": 0.0, "percent_covered_display": "0", "missing_lines": 16, "excluded_lines": 0}, "missing_lines": [455, 457, 458, 459, 460, 464, 465, 466, 467, 468, 469, 472, 473, 474, 476, 477], "excluded_lines": []}, "HttpMcpClient.close": {"executed_lines": [], "summary": {"covered_lines": 0, "num_statements": 3, "percent_covered": 0.0, "percent_covered_display": "0", "missing_lines": 3, "excluded_lines": 0}, "missing_lines": [483, 484, 485], "excluded_lines": []}, "HttpMcpClient.__aenter__": {"executed_lines": [], "summary": {"covered_lines": 0, "num_statements": 1, "percent_covered": 0.0, "percent_covered_display": "0", "missing_lines": 1, "excluded_lines": 0}, "missing_lines": [489], "excluded_lines": []}, "HttpMcpClient.__aexit__": {"executed_lines": [], "summary": {"covered_lines": 0, "num_statements": 1, "percent_covered": 0.0, "percent_covered_display": "0", "missing_lines": 1, "excluded_lines": 0}, "missing_lines": [493], "excluded_lines": []}, "_match": {"executed_lines": [501, 504, 506, 507, 509, 511, 513, 516, 518, 519, 521, 523, 524, 525, 526, 530, 544, 549, 551, 552, 554], "summary": {"covered_lines": 21, "num_statements": 34, "percent_covered": 61.76470588235294, "percent_covered_display": "62", "missing_lines": 13, "excluded_lines": 0}, "missing_lines": [502, 510, 528, 531, 532, 533, 535, 536, 537, 538, 539, 541, 550], "excluded_lines": []}, "_select": {"executed_lines": [558, 559, 560, 561], "summary": {"covered_lines": 4, "num_statements": 4, "percent_covered": 100.0, "percent_covered_display": "100", "missing_lines": 0, "excluded_lines": 0}, "missing_lines": [], "excluded_lines": []}, "_select_one": {"executed_lines": [565], "summary": {"covered_lines": 1, "num_statements": 1, "percent_covered": 100.0, "percent_covered_display": "100", "missing_lines": 0, "excluded_lines": 0}, "missing_lines": [], "excluded_lines": []}, "_maybe_await": {"executed_lines": [], "summary": {"covered_lines": 0, "num_statements": 3, "percent_covered": 0.0, "percent_covered_display": "0", "missing_lines": 3, "excluded_lines": 0}, "missing_lines": [569, 570, 571], "excluded_lines": []}, "": {"executed_lines": [1, 13, 15, 16, 17, 18, 19, 20, 21, 22, 24, 25, 34, 35, 36, 39, 40, 47, 51, 56, 80, 84, 104, 128, 148, 153, 161, 162, 165, 169, 172, 175, 183, 184, 193, 209, 246, 286, 303, 317, 361, 362, 366, 372, 376, 386, 387, 396, 411, 422, 443, 481, 487, 491, 500, 557, 564, 568], "summary": {"covered_lines": 55, "num_statements": 57, "percent_covered": 96.49122807017544, "percent_covered_display": "96", "missing_lines": 2, "excluded_lines": 0}, "missing_lines": [26, 27], "excluded_lines": []}}, "classes": {"_Table": {"executed_lines": [], "summary": {"covered_lines": 0, "num_statements": 0, "percent_covered": 100.0, "percent_covered_display": "100", "missing_lines": 0, "excluded_lines": 0}, "missing_lines": [], "excluded_lines": []}, "InMemoryDatabaseAdapter": {"executed_lines": [41, 42, 43, 44, 45, 49, 52, 53, 54, 58, 59, 61, 62, 69, 70, 72, 73, 74, 75, 76, 77, 78, 81, 82, 92, 93, 94, 95, 106, 108, 111, 112, 115, 116, 119, 120, 123, 124, 126, 134, 135, 137, 138, 139, 140, 143, 144, 145, 146, 149, 150, 151, 154], "summary": {"covered_lines": 53, "num_statements": 62, "percent_covered": 85.48387096774194, "percent_covered_display": "85", "missing_lines": 9, "excluded_lines": 0}, "missing_lines": [65, 66, 67, 97, 98, 99, 100, 101, 102], "excluded_lines": []}, "InMemoryStorageAdapter": {"executed_lines": [163], "summary": {"covered_lines": 1, "num_statements": 6, "percent_covered": 16.666666666666668, "percent_covered_display": "17", "missing_lines": 5, "excluded_lines": 0}, "missing_lines": [166, 167, 170, 173, 176], "excluded_lines": []}, "InMemoryAuthAdapter": {"executed_lines": [194, 195, 196, 197, 200, 217, 221, 228, 238], "summary": {"covered_lines": 9, "num_statements": 45, "percent_covered": 20.0, "percent_covered_display": "20", "missing_lines": 36, "excluded_lines": 0}, "missing_lines": [218, 222, 223, 224, 225, 229, 230, 231, 232, 233, 234, 265, 266, 268, 278, 284, 295, 296, 297, 298, 299, 300, 301, 308, 309, 315, 322, 323, 325, 335, 336, 337, 339, 341, 349, 354], "excluded_lines": []}, "InMemoryRealtimeAdapter": {"executed_lines": [363, 364], "summary": {"covered_lines": 2, "num_statements": 10, "percent_covered": 20.0, "percent_covered_display": "20", "missing_lines": 8, "excluded_lines": 0}, "missing_lines": [367, 368, 369, 370, 373, 377, 378, 379], "excluded_lines": []}, "HttpMcpClient": {"executed_lines": [], "summary": {"covered_lines": 0, "num_statements": 46, "percent_covered": 0.0, "percent_covered_display": "0", "missing_lines": 46, "excluded_lines": 0}, "missing_lines": [404, 405, 406, 407, 408, 409, 413, 414, 415, 416, 417, 418, 419, 420, 431, 432, 433, 434, 435, 436, 437, 438, 439, 440, 441, 455, 457, 458, 459, 460, 464, 465, 466, 467, 468, 469, 472, 473, 474, 476, 477, 483, 484, 485, 489, 493], "excluded_lines": []}, "": {"executed_lines": [1, 13, 15, 16, 17, 18, 19, 20, 21, 22, 24, 25, 34, 35, 36, 39, 40, 47, 51, 56, 80, 84, 104, 128, 148, 153, 161, 162, 165, 169, 172, 175, 183, 184, 193, 209, 246, 286, 303, 317, 361, 362, 366, 372, 376, 386, 387, 396, 411, 422, 443, 481, 487, 491, 500, 501, 504, 506, 507, 509, 511, 513, 516, 518, 519, 521, 523, 524, 525, 526, 530, 544, 549, 551, 552, 554, 557, 558, 559, 560, 561, 564, 565, 568], "summary": {"covered_lines": 81, "num_statements": 99, "percent_covered": 81.81818181818181, "percent_covered_display": "82", "missing_lines": 18, "excluded_lines": 0}, "missing_lines": [26, 27, 502, 510, 528, 531, 532, 533, 535, 536, 537, 538, 539, 541, 550, 569, 570, 571], "excluded_lines": []}}}, "infrastructure/mock_config.py": {"executed_lines": [1, 3, 5, 6, 7, 10, 11, 12, 13, 14, 17, 18, 20, 22, 25, 32, 39, 46, 54, 56, 57, 59, 61, 63, 67, 71, 83, 102, 105, 108, 109, 110, 113, 116], "summary": {"covered_lines": 31, "num_statements": 40, "percent_covered": 77.5, "percent_covered_display": "78", "missing_lines": 9, "excluded_lines": 0}, "missing_lines": [65, 69, 73, 74, 75, 76, 78, 81, 85], "excluded_lines": [], "functions": {"ServiceConfig.__init__": {"executed_lines": [22, 25, 32, 39, 46], "summary": {"covered_lines": 5, "num_statements": 5, "percent_covered": 100.0, "percent_covered_display": "100", "missing_lines": 0, "excluded_lines": 0}, "missing_lines": [], "excluded_lines": []}, "ServiceConfig.get_service_mode": {"executed_lines": [56, 57], "summary": {"covered_lines": 2, "num_statements": 2, "percent_covered": 100.0, "percent_covered_display": "100", "missing_lines": 0, "excluded_lines": 0}, "missing_lines": [], "excluded_lines": []}, "ServiceConfig.is_service_mock": {"executed_lines": [61], "summary": {"covered_lines": 1, "num_statements": 1, "percent_covered": 100.0, "percent_covered_display": "100", "missing_lines": 0, "excluded_lines": 0}, "missing_lines": [], "excluded_lines": []}, "ServiceConfig.is_service_local": {"executed_lines": [], "summary": {"covered_lines": 0, "num_statements": 1, "percent_covered": 0.0, "percent_covered_display": "0", "missing_lines": 1, "excluded_lines": 0}, "missing_lines": [65], "excluded_lines": []}, "ServiceConfig.is_service_live": {"executed_lines": [], "summary": {"covered_lines": 0, "num_statements": 1, "percent_covered": 0.0, "percent_covered_display": "0", "missing_lines": 1, "excluded_lines": 0}, "missing_lines": [69], "excluded_lines": []}, "ServiceConfig.get_mcp_endpoint": {"executed_lines": [], "summary": {"covered_lines": 0, "num_statements": 6, "percent_covered": 0.0, "percent_covered_display": "0", "missing_lines": 6, "excluded_lines": 0}, "missing_lines": [73, 74, 75, 76, 78, 81], "excluded_lines": []}, "ServiceConfig.to_dict": {"executed_lines": [], "summary": {"covered_lines": 0, "num_statements": 1, "percent_covered": 0.0, "percent_covered_display": "0", "missing_lines": 1, "excluded_lines": 0}, "missing_lines": [85], "excluded_lines": []}, "get_service_config": {"executed_lines": [108, 109, 110], "summary": {"covered_lines": 3, "num_statements": 3, "percent_covered": 100.0, "percent_covered_display": "100", "missing_lines": 0, "excluded_lines": 0}, "missing_lines": [], "excluded_lines": []}, "reset_service_config": {"executed_lines": [116], "summary": {"covered_lines": 1, "num_statements": 1, "percent_covered": 100.0, "percent_covered_display": "100", "missing_lines": 0, "excluded_lines": 0}, "missing_lines": [], "excluded_lines": []}, "": {"executed_lines": [1, 3, 5, 6, 7, 10, 11, 12, 13, 14, 17, 18, 20, 54, 59, 63, 67, 71, 83, 102, 105, 113], "summary": {"covered_lines": 19, "num_statements": 19, "percent_covered": 100.0, "percent_covered_display": "100", "missing_lines": 0, "excluded_lines": 0}, "missing_lines": [], "excluded_lines": []}}, "classes": {"ServiceMode": {"executed_lines": [], "summary": {"covered_lines": 0, "num_statements": 0, "percent_covered": 100.0, "percent_covered_display": "100", "missing_lines": 0, "excluded_lines": 0}, "missing_lines": [], "excluded_lines": []}, "ServiceConfig": {"executed_lines": [22, 25, 32, 39, 46, 56, 57, 61], "summary": {"covered_lines": 8, "num_statements": 17, "percent_covered": 47.05882352941177, "percent_covered_display": "47", "missing_lines": 9, "excluded_lines": 0}, "missing_lines": [65, 69, 73, 74, 75, 76, 78, 81, 85], "excluded_lines": []}, "": {"executed_lines": [1, 3, 5, 6, 7, 10, 11, 12, 13, 14, 17, 18, 20, 54, 59, 63, 67, 71, 83, 102, 105, 108, 109, 110, 113, 116], "summary": {"covered_lines": 23, "num_statements": 23, "percent_covered": 100.0, "percent_covered_display": "100", "missing_lines": 0, "excluded_lines": 0}, "missing_lines": [], "excluded_lines": []}}}, "infrastructure/mock_oauth_adapters.py": {"executed_lines": [], "summary": {"covered_lines": 0, "num_statements": 103, "percent_covered": 0.0, "percent_covered_display": "0", "missing_lines": 103, "excluded_lines": 0}, "missing_lines": [20, 21, 22, 23, 24, 25, 26, 29, 39, 40, 43, 44, 45, 46, 49, 50, 51, 57, 80, 81, 82, 84, 93, 104, 106, 127, 128, 130, 133, 134, 137, 138, 141, 142, 145, 152, 153, 156, 163, 171, 172, 178, 179, 180, 182, 191, 198, 200, 203, 204, 206, 208, 209, 211, 213, 215, 216, 226, 227, 228, 230, 232, 237, 239, 247, 248, 263, 266, 267, 268, 270, 276, 288, 290, 299, 301, 312, 313, 315, 317, 318, 321, 324, 331, 333, 339, 355, 356, 357, 359, 371, 373, 380, 382, 384, 386, 387, 388, 389, 396, 402, 403, 406], "excluded_lines": [], "functions": {"MockOAuthAuthAdapter.__init__": {"executed_lines": [], "summary": {"covered_lines": 0, "num_statements": 8, "percent_covered": 0.0, "percent_covered_display": "0", "missing_lines": 8, "excluded_lines": 0}, "missing_lines": [40, 43, 44, 45, 46, 49, 50, 51], "excluded_lines": []}, "MockOAuthAuthAdapter.create_authorization_request": {"executed_lines": [], "summary": {"covered_lines": 0, "num_statements": 6, "percent_covered": 0.0, "percent_covered_display": "0", "missing_lines": 6, "excluded_lines": 0}, "missing_lines": [80, 81, 82, 84, 93, 104], "excluded_lines": []}, "MockOAuthAuthAdapter.exchange_code_for_token": {"executed_lines": [], "summary": {"covered_lines": 0, "num_statements": 20, "percent_covered": 0.0, "percent_covered_display": "0", "missing_lines": 20, "excluded_lines": 0}, "missing_lines": [127, 128, 130, 133, 134, 137, 138, 141, 142, 145, 152, 153, 156, 163, 171, 172, 178, 179, 180, 182], "excluded_lines": []}, "MockOAuthAuthAdapter._verify_pkce": {"executed_lines": [], "summary": {"covered_lines": 0, "num_statements": 8, "percent_covered": 0.0, "percent_covered_display": "0", "missing_lines": 8, "excluded_lines": 0}, "missing_lines": [198, 200, 203, 204, 206, 208, 209, 211], "excluded_lines": []}, "MockOAuthAuthAdapter._create_access_token": {"executed_lines": [], "summary": {"covered_lines": 0, "num_statements": 8, "percent_covered": 0.0, "percent_covered_display": "0", "missing_lines": 8, "excluded_lines": 0}, "missing_lines": [215, 216, 226, 227, 228, 230, 232, 237], "excluded_lines": []}, "MockOAuthAuthAdapter._create_id_token": {"executed_lines": [], "summary": {"covered_lines": 0, "num_statements": 7, "percent_covered": 0.0, "percent_covered_display": "0", "missing_lines": 7, "excluded_lines": 0}, "missing_lines": [247, 248, 263, 266, 267, 268, 270], "excluded_lines": []}, "MockOAuthAuthAdapter.create_pending_authentication": {"executed_lines": [], "summary": {"covered_lines": 0, "num_statements": 3, "percent_covered": 0.0, "percent_covered_display": "0", "missing_lines": 3, "excluded_lines": 0}, "missing_lines": [288, 290, 299], "excluded_lines": []}, "MockOAuthAuthAdapter.complete_pending_authentication": {"executed_lines": [], "summary": {"covered_lines": 0, "num_statements": 9, "percent_covered": 0.0, "percent_covered_display": "0", "missing_lines": 9, "excluded_lines": 0}, "missing_lines": [312, 313, 315, 317, 318, 321, 324, 331, 333], "excluded_lines": []}, "MockOAuthAuthAdapter.register_client": {"executed_lines": [], "summary": {"covered_lines": 0, "num_statements": 6, "percent_covered": 0.0, "percent_covered_display": "0", "missing_lines": 6, "excluded_lines": 0}, "missing_lines": [355, 356, 357, 359, 371, 373], "excluded_lines": []}, "MockOAuthAuthAdapter.get_client": {"executed_lines": [], "summary": {"covered_lines": 0, "num_statements": 1, "percent_covered": 0.0, "percent_covered_display": "0", "missing_lines": 1, "excluded_lines": 0}, "missing_lines": [382], "excluded_lines": []}, "MockOAuthAuthAdapter.validate_redirect_uri": {"executed_lines": [], "summary": {"covered_lines": 0, "num_statements": 4, "percent_covered": 0.0, "percent_covered_display": "0", "missing_lines": 4, "excluded_lines": 0}, "missing_lines": [386, 387, 388, 389], "excluded_lines": []}, "create_pkce_pair": {"executed_lines": [], "summary": {"covered_lines": 0, "num_statements": 3, "percent_covered": 0.0, "percent_covered_display": "0", "missing_lines": 3, "excluded_lines": 0}, "missing_lines": [402, 403, 406], "excluded_lines": []}, "": {"executed_lines": [], "summary": {"covered_lines": 0, "num_statements": 20, "percent_covered": 0.0, "percent_covered_display": "0", "missing_lines": 20, "excluded_lines": 0}, "missing_lines": [20, 21, 22, 23, 24, 25, 26, 29, 39, 57, 106, 191, 213, 239, 276, 301, 339, 380, 384, 396], "excluded_lines": []}}, "classes": {"MockOAuthAuthAdapter": {"executed_lines": [], "summary": {"covered_lines": 0, "num_statements": 80, "percent_covered": 0.0, "percent_covered_display": "0", "missing_lines": 80, "excluded_lines": 0}, "missing_lines": [40, 43, 44, 45, 46, 49, 50, 51, 80, 81, 82, 84, 93, 104, 127, 128, 130, 133, 134, 137, 138, 141, 142, 145, 152, 153, 156, 163, 171, 172, 178, 179, 180, 182, 198, 200, 203, 204, 206, 208, 209, 211, 215, 216, 226, 227, 228, 230, 232, 237, 247, 248, 263, 266, 267, 268, 270, 288, 290, 299, 312, 313, 315, 317, 318, 321, 324, 331, 333, 355, 356, 357, 359, 371, 373, 382, 386, 387, 388, 389], "excluded_lines": []}, "": {"executed_lines": [], "summary": {"covered_lines": 0, "num_statements": 23, "percent_covered": 0.0, "percent_covered_display": "0", "missing_lines": 23, "excluded_lines": 0}, "missing_lines": [20, 21, 22, 23, 24, 25, 26, 29, 39, 57, 106, 191, 213, 239, 276, 301, 339, 380, 384, 396, 402, 403, 406], "excluded_lines": []}}}, "infrastructure/monitoring.py": {"executed_lines": [], "summary": {"covered_lines": 0, "num_statements": 85, "percent_covered": 0.0, "percent_covered_display": "0", "missing_lines": 85, "excluded_lines": 0}, "missing_lines": [6, 7, 8, 10, 17, 20, 21, 22, 23, 25, 33, 35, 36, 44, 45, 46, 47, 48, 49, 51, 52, 53, 58, 60, 77, 80, 81, 82, 83, 85, 93, 95, 97, 106, 109, 110, 113, 114, 117, 118, 119, 120, 122, 124, 126, 129, 131, 147, 150, 151, 158, 160, 161, 163, 171, 172, 173, 179, 180, 181, 182, 184, 186, 194, 195, 197, 199, 227, 228, 229, 232, 235, 236, 237, 238, 241, 244, 245, 246, 247, 250, 253, 254, 255, 256], "excluded_lines": [], "functions": {"QueryPerformanceMonitor.__init__": {"executed_lines": [], "summary": {"covered_lines": 0, "num_statements": 3, "percent_covered": 0.0, "percent_covered_display": "0", "missing_lines": 3, "excluded_lines": 0}, "missing_lines": [21, 22, 23], "excluded_lines": []}, "QueryPerformanceMonitor.track_query": {"executed_lines": [], "summary": {"covered_lines": 0, "num_statements": 12, "percent_covered": 0.0, "percent_covered_display": "0", "missing_lines": 12, "excluded_lines": 0}, "missing_lines": [33, 35, 36, 44, 45, 46, 47, 48, 49, 51, 52, 53], "excluded_lines": []}, "QueryPerformanceMonitor.get_stats": {"executed_lines": [], "summary": {"covered_lines": 0, "num_statements": 1, "percent_covered": 0.0, "percent_covered_display": "0", "missing_lines": 1, "excluded_lines": 0}, "missing_lines": [60], "excluded_lines": []}, "ErrorTracker.__init__": {"executed_lines": [], "summary": {"covered_lines": 0, "num_statements": 3, "percent_covered": 0.0, "percent_covered_display": "0", "missing_lines": 3, "excluded_lines": 0}, "missing_lines": [81, 82, 83], "excluded_lines": []}, "ErrorTracker.track_error": {"executed_lines": [], "summary": {"covered_lines": 0, "num_statements": 13, "percent_covered": 0.0, "percent_covered_display": "0", "missing_lines": 13, "excluded_lines": 0}, "missing_lines": [93, 95, 97, 106, 109, 110, 113, 114, 117, 118, 119, 120, 122], "excluded_lines": []}, "ErrorTracker._send_alert": {"executed_lines": [], "summary": {"covered_lines": 0, "num_statements": 1, "percent_covered": 0.0, "percent_covered_display": "0", "missing_lines": 1, "excluded_lines": 0}, "missing_lines": [126], "excluded_lines": []}, "ErrorTracker.get_error_summary": {"executed_lines": [], "summary": {"covered_lines": 0, "num_statements": 1, "percent_covered": 0.0, "percent_covered_display": "0", "missing_lines": 1, "excluded_lines": 0}, "missing_lines": [131], "excluded_lines": []}, "UsageAnalytics.__init__": {"executed_lines": [], "summary": {"covered_lines": 0, "num_statements": 1, "percent_covered": 0.0, "percent_covered_display": "0", "missing_lines": 1, "excluded_lines": 0}, "missing_lines": [151], "excluded_lines": []}, "UsageAnalytics.track_tool_usage": {"executed_lines": [], "summary": {"covered_lines": 0, "num_statements": 2, "percent_covered": 0.0, "percent_covered_display": "0", "missing_lines": 2, "excluded_lines": 0}, "missing_lines": [160, 161], "excluded_lines": []}, "UsageAnalytics.track_entity_operation": {"executed_lines": [], "summary": {"covered_lines": 0, "num_statements": 7, "percent_covered": 0.0, "percent_covered_display": "0", "missing_lines": 7, "excluded_lines": 0}, "missing_lines": [171, 172, 173, 179, 180, 181, 182], "excluded_lines": []}, "UsageAnalytics.track_search": {"executed_lines": [], "summary": {"covered_lines": 0, "num_statements": 3, "percent_covered": 0.0, "percent_covered_display": "0", "missing_lines": 3, "excluded_lines": 0}, "missing_lines": [186, 194, 195], "excluded_lines": []}, "UsageAnalytics.get_analytics_report": {"executed_lines": [], "summary": {"covered_lines": 0, "num_statements": 1, "percent_covered": 0.0, "percent_covered_display": "0", "missing_lines": 1, "excluded_lines": 0}, "missing_lines": [199], "excluded_lines": []}, "get_performance_monitor": {"executed_lines": [], "summary": {"covered_lines": 0, "num_statements": 4, "percent_covered": 0.0, "percent_covered_display": "0", "missing_lines": 4, "excluded_lines": 0}, "missing_lines": [235, 236, 237, 238], "excluded_lines": []}, "get_error_tracker": {"executed_lines": [], "summary": {"covered_lines": 0, "num_statements": 4, "percent_covered": 0.0, "percent_covered_display": "0", "missing_lines": 4, "excluded_lines": 0}, "missing_lines": [244, 245, 246, 247], "excluded_lines": []}, "get_usage_analytics": {"executed_lines": [], "summary": {"covered_lines": 0, "num_statements": 4, "percent_covered": 0.0, "percent_covered_display": "0", "missing_lines": 4, "excluded_lines": 0}, "missing_lines": [253, 254, 255, 256], "excluded_lines": []}, "": {"executed_lines": [], "summary": {"covered_lines": 0, "num_statements": 25, "percent_covered": 0.0, "percent_covered_display": "0", "missing_lines": 25, "excluded_lines": 0}, "missing_lines": [6, 7, 8, 10, 17, 20, 25, 58, 77, 80, 85, 124, 129, 147, 150, 158, 163, 184, 197, 227, 228, 229, 232, 241, 250], "excluded_lines": []}}, "classes": {"QueryPerformanceMonitor": {"executed_lines": [], "summary": {"covered_lines": 0, "num_statements": 16, "percent_covered": 0.0, "percent_covered_display": "0", "missing_lines": 16, "excluded_lines": 0}, "missing_lines": [21, 22, 23, 33, 35, 36, 44, 45, 46, 47, 48, 49, 51, 52, 53, 60], "excluded_lines": []}, "ErrorTracker": {"executed_lines": [], "summary": {"covered_lines": 0, "num_statements": 18, "percent_covered": 0.0, "percent_covered_display": "0", "missing_lines": 18, "excluded_lines": 0}, "missing_lines": [81, 82, 83, 93, 95, 97, 106, 109, 110, 113, 114, 117, 118, 119, 120, 122, 126, 131], "excluded_lines": []}, "UsageAnalytics": {"executed_lines": [], "summary": {"covered_lines": 0, "num_statements": 14, "percent_covered": 0.0, "percent_covered_display": "0", "missing_lines": 14, "excluded_lines": 0}, "missing_lines": [151, 160, 161, 171, 172, 173, 179, 180, 181, 182, 186, 194, 195, 199], "excluded_lines": []}, "": {"executed_lines": [], "summary": {"covered_lines": 0, "num_statements": 37, "percent_covered": 0.0, "percent_covered_display": "0", "missing_lines": 37, "excluded_lines": 0}, "missing_lines": [6, 7, 8, 10, 17, 20, 25, 58, 77, 80, 85, 124, 129, 147, 150, 158, 163, 184, 197, 227, 228, 229, 232, 235, 236, 237, 238, 241, 244, 245, 246, 247, 250, 253, 254, 255, 256], "excluded_lines": []}}}, "infrastructure/rate_limiter.py": {"executed_lines": [], "summary": {"covered_lines": 0, "num_statements": 65, "percent_covered": 0.0, "percent_covered_display": "0", "missing_lines": 65, "excluded_lines": 0}, "missing_lines": [3, 5, 6, 7, 8, 9, 11, 14, 17, 28, 29, 30, 31, 33, 43, 44, 47, 48, 53, 56, 57, 61, 64, 65, 66, 68, 69, 71, 82, 84, 85, 86, 89, 90, 91, 93, 95, 98, 101, 108, 109, 110, 111, 113, 122, 123, 124, 127, 128, 130, 133, 134, 137, 138, 139, 141, 145, 147, 156, 157, 159, 160, 161, 164, 165], "excluded_lines": [], "functions": {"RateLimiter.__init__": {"executed_lines": [], "summary": {"covered_lines": 0, "num_statements": 4, "percent_covered": 0.0, "percent_covered_display": "0", "missing_lines": 4, "excluded_lines": 0}, "missing_lines": [28, 29, 30, 31], "excluded_lines": []}, "RateLimiter.acquire": {"executed_lines": [], "summary": {"covered_lines": 0, "num_statements": 13, "percent_covered": 0.0, "percent_covered_display": "0", "missing_lines": 13, "excluded_lines": 0}, "missing_lines": [43, 44, 47, 48, 53, 56, 57, 61, 64, 65, 66, 68, 69], "excluded_lines": []}, "RateLimiter.wait_if_needed": {"executed_lines": [], "summary": {"covered_lines": 0, "num_statements": 9, "percent_covered": 0.0, "percent_covered_display": "0", "missing_lines": 9, "excluded_lines": 0}, "missing_lines": [82, 84, 85, 86, 89, 90, 91, 93, 95], "excluded_lines": []}, "SlidingWindowRateLimiter.__init__": {"executed_lines": [], "summary": {"covered_lines": 0, "num_statements": 4, "percent_covered": 0.0, "percent_covered_display": "0", "missing_lines": 4, "excluded_lines": 0}, "missing_lines": [108, 109, 110, 111], "excluded_lines": []}, "SlidingWindowRateLimiter.check_limit": {"executed_lines": [], "summary": {"covered_lines": 0, "num_statements": 13, "percent_covered": 0.0, "percent_covered_display": "0", "missing_lines": 13, "excluded_lines": 0}, "missing_lines": [122, 123, 124, 127, 128, 130, 133, 134, 137, 138, 139, 141, 145], "excluded_lines": []}, "SlidingWindowRateLimiter.get_remaining": {"executed_lines": [], "summary": {"covered_lines": 0, "num_statements": 7, "percent_covered": 0.0, "percent_covered_display": "0", "missing_lines": 7, "excluded_lines": 0}, "missing_lines": [156, 157, 159, 160, 161, 164, 165], "excluded_lines": []}, "": {"executed_lines": [], "summary": {"covered_lines": 0, "num_statements": 15, "percent_covered": 0.0, "percent_covered_display": "0", "missing_lines": 15, "excluded_lines": 0}, "missing_lines": [3, 5, 6, 7, 8, 9, 11, 14, 17, 33, 71, 98, 101, 113, 147], "excluded_lines": []}}, "classes": {"RateLimiter": {"executed_lines": [], "summary": {"covered_lines": 0, "num_statements": 26, "percent_covered": 0.0, "percent_covered_display": "0", "missing_lines": 26, "excluded_lines": 0}, "missing_lines": [28, 29, 30, 31, 43, 44, 47, 48, 53, 56, 57, 61, 64, 65, 66, 68, 69, 82, 84, 85, 86, 89, 90, 91, 93, 95], "excluded_lines": []}, "SlidingWindowRateLimiter": {"executed_lines": [], "summary": {"covered_lines": 0, "num_statements": 24, "percent_covered": 0.0, "percent_covered_display": "0", "missing_lines": 24, "excluded_lines": 0}, "missing_lines": [108, 109, 110, 111, 122, 123, 124, 127, 128, 130, 133, 134, 137, 138, 139, 141, 145, 156, 157, 159, 160, 161, 164, 165], "excluded_lines": []}, "": {"executed_lines": [], "summary": {"covered_lines": 0, "num_statements": 15, "percent_covered": 0.0, "percent_covered_display": "0", "missing_lines": 15, "excluded_lines": 0}, "missing_lines": [3, 5, 6, 7, 8, 9, 11, 14, 17, 33, 71, 98, 101, 113, 147], "excluded_lines": []}}}, "infrastructure/redis_health.py": {"executed_lines": [], "summary": {"covered_lines": 0, "num_statements": 42, "percent_covered": 0.0, "percent_covered_display": "0", "missing_lines": 42, "excluded_lines": 0}, "missing_lines": [6, 8, 9, 11, 14, 20, 21, 23, 25, 26, 32, 33, 35, 42, 43, 44, 51, 52, 53, 59, 65, 71, 72, 73, 74, 75, 81, 82, 84, 85, 86, 87, 88, 94, 95, 97, 98, 99, 100, 104, 105, 107], "excluded_lines": [], "functions": {"check_redis_health": {"executed_lines": [], "summary": {"covered_lines": 0, "num_statements": 14, "percent_covered": 0.0, "percent_covered_display": "0", "missing_lines": 14, "excluded_lines": 0}, "missing_lines": [20, 21, 23, 25, 26, 32, 33, 35, 42, 43, 44, 51, 52, 53], "excluded_lines": []}, "get_redis_diagnostics": {"executed_lines": [], "summary": {"covered_lines": 0, "num_statements": 22, "percent_covered":
[...]
 248, 250, 251, 253, 264, 295], "summary": {"covered_lines": 24, "num_statements": 45, "percent_covered": 53.333333333333336, "percent_covered_display": "53", "missing_lines": 21, "excluded_lines": 0}, "missing_lines": [191, 194, 205, 206, 208, 209, 211, 266, 268, 269, 271, 272, 273, 275, 276, 279, 280, 281, 283, 300, 301], "excluded_lines": []}, "DataQueryEngine._analyze_query.analyze_entity.get_org_stats": {"executed_lines": [], "summary": {"covered_lines": 0, "num_statements": 3, "percent_covered": 0.0, "percent_covered_display": "0", "missing_lines": 3, "excluded_lines": 0}, "missing_lines": [195, 199, 203], "excluded_lines": []}, "DataQueryEngine._relationship_query": {"executed_lines": [325, 328, 336, 337, 338, 342, 343, 344, 346, 348, 376], "summary": {"covered_lines": 11, "num_statements": 18, "percent_covered": 61.111111111111114, "percent_covered_display": "61", "missing_lines": 7, "excluded_lines": 0}, "missing_lines": [350, 351, 353, 356, 364, 369, 371], "excluded_lines": []}, "DataQueryEngine._rag_search_query": {"executed_lines": [392, 395, 397, 400, 402, 404, 405, 412, 413, 419, 420, 431, 432, 441, 452, 453], "summary": {"covered_lines": 16, "num_statements": 19, "percent_covered": 84.21052631578948, "percent_covered_display": "84", "missing_lines": 3, "excluded_lines": 0}, "missing_lines": [398, 428, 433], "excluded_lines": []}, "DataQueryEngine._similarity_analysis": {"executed_lines": [471, 473, 474, 503, 504], "summary": {"covered_lines": 5, "num_statements": 9, "percent_covered": 55.55555555555556, "percent_covered_display": "56", "missing_lines": 4, "excluded_lines": 0}, "missing_lines": [483, 484, 485, 493], "excluded_lines": []}, "data_query": {"executed_lines": [554, 556, 559, 560, 561, 562, 563, 568, 569, 572, 573, 574, 575, 579, 580, 584, 585, 589, 590, 594, 595, 597, 606, 607, 611, 612, 614, 616, 619, 628, 630, 632, 633], "summary": {"covered_lines": 33, "num_statements": 38, "percent_covered": 86.84210526315789, "percent_covered_display": "87", "missing_lines": 5, "excluded_lines": 0}, "missing_lines": [564, 566, 596, 608, 617], "excluded_lines": []}, "": {"executed_lines": [1, 3, 5, 6, 8, 9, 14, 15, 17, 23, 33, 96, 168, 319, 382, 462, 515, 518], "summary": {"covered_lines": 16, "num_statements": 18, "percent_covered": 88.88888888888889, "percent_covered_display": "89", "missing_lines": 2, "excluded_lines": 0}, "missing_lines": [10, 11], "excluded_lines": []}}, "classes": {"DataQueryEngine": {"executed_lines": [18, 19, 20, 25, 26, 27, 30, 31, 42, 44, 45, 48, 51, 52, 55, 56, 57, 60, 68, 70, 83, 84, 87, 89, 104, 106, 107, 108, 111, 112, 113, 116, 117, 118, 119, 122, 128, 129, 131, 133, 134, 137, 138, 139, 140, 141, 143, 156, 157, 160, 162, 175, 176, 177, 178, 181, 182, 183, 186, 189, 221, 223, 225, 228, 235, 236, 241, 242, 244, 247, 248, 250, 251, 253, 264, 295, 307, 308, 311, 313, 325, 328, 336, 337, 338, 342, 343, 344, 346, 348, 376, 392, 395, 397, 400, 402, 404, 405, 412, 413, 419, 420, 431, 432, 441, 452, 453, 471, 473, 474, 503, 504], "summary": {"covered_lines": 112, "num_statements": 154, "percent_covered": 72.72727272727273, "percent_covered_display": "73", "missing_lines": 42, "excluded_lines": 0}, "missing_lines": [75, 76, 149, 150, 191, 194, 195, 199, 203, 205, 206, 208, 209, 211, 266, 268, 269, 271, 272, 273, 275, 276, 279, 280, 281, 283, 300, 301, 350, 351, 353, 356, 364, 369, 371, 398, 428, 433, 483, 484, 485, 493], "excluded_lines": []}, "": {"executed_lines": [1, 3, 5, 6, 8, 9, 14, 15, 17, 23, 33, 96, 168, 319, 382, 462, 515, 518, 554, 556, 559, 560, 561, 562, 563, 568, 569, 572, 573, 574, 575, 579, 580, 584, 585, 589, 590, 594, 595, 597, 606, 607, 611, 612, 614, 616, 619, 628, 630, 632, 633], "summary": {"covered_lines": 49, "num_statements": 56, "percent_covered": 87.5, "percent_covered_display": "88", "missing_lines": 7, "excluded_lines": 0}, "missing_lines": [10, 11, 564, 566, 596, 608, 617], "excluded_lines": []}}}, "tools/relationship.py": {"executed_lines": [1, 3, 5, 6, 8, 9, 14, 15, 17, 18, 20, 22, 68, 70, 79, 80, 84, 85, 86, 87, 89, 95, 98, 99, 100, 101, 104, 108, 112, 113, 119, 122, 128, 129, 130, 131, 132, 136, 137, 138, 141, 142, 144, 152, 153, 157, 158, 159, 160, 162, 169, 170, 175, 188, 189, 191, 201, 202, 206, 207, 208, 209, 210, 212, 213, 214, 215, 228, 229, 231, 232, 233, 237, 241, 246, 247, 250, 258, 265, 276, 300, 302, 309, 312, 314, 355, 358, 389, 391, 393, 394, 397, 400, 402, 403, 406, 409, 416, 417, 420, 422, 423, 426, 429, 435, 445, 447, 448], "summary": {"covered_lines": 106, "num_statements": 166, "percent_covered": 63.855421686746986, "percent_covered_display": "64", "missing_lines": 60, "excluded_lines": 0}, "missing_lines": [10, 11, 81, 105, 123, 124, 125, 154, 167, 177, 181, 182, 184, 185, 203, 219, 220, 221, 223, 224, 225, 226, 234, 238, 242, 259, 261, 262, 278, 284, 286, 292, 295, 296, 297, 298, 322, 323, 324, 327, 328, 329, 330, 331, 336, 338, 339, 345, 346, 347, 348, 350, 351, 395, 404, 424, 436, 437, 439, 442], "excluded_lines": [], "functions": {"RelationshipManager.__init__": {"executed_lines": [18], "summary": {"covered_lines": 1, "num_statements": 1, "percent_covered": 100.0, "percent_covered_display": "100", "missing_lines": 0, "excluded_lines": 0}, "missing_lines": [], "excluded_lines": []}, "RelationshipManager._get_relationship_config": {"executed_lines": [22, 68], "summary": {"covered_lines": 2, "num_statements": 2, "percent_covered": 100.0, "percent_covered_display": "100", "missing_lines": 0, "excluded_lines": 0}, "missing_lines": [], "excluded_lines": []}, "RelationshipManager.link_entities": {"executed_lines": [79, 80, 84, 85, 86, 87, 89, 95, 98, 99, 100, 101, 104, 108, 112, 113, 119, 122, 128, 129, 130, 131, 132, 136, 137, 138, 141, 142], "summary": {"covered_lines": 28, "num_statements": 33, "percent_covered": 84.84848484848484, "percent_covered_display": "85", "missing_lines": 5, "excluded_lines": 0}, "missing_lines": [81, 105, 123, 124, 125], "excluded_lines": []}, "RelationshipManager.unlink_entities": {"executed_lines": [152, 153, 157, 158, 159, 160, 162, 169, 170, 175, 188, 189], "summary": {"covered_lines": 12, "num_statements": 19, "percent_covered": 63.1578947368421, "percent_covered_display": "63", "missing_lines": 7, "excluded_lines": 0}, "missing_lines": [154, 167, 177, 181, 182, 184, 185], "excluded_lines": []}, "RelationshipManager.list_relationships": {"executed_lines": [201, 202, 206, 207, 208, 209, 210, 212, 213, 214, 215, 228, 229, 231, 232, 233, 237, 241, 246, 247, 250, 258, 265, 276, 300], "summary": {"covered_lines": 25, "num_statements": 47, "percent_covered": 53.191489361702125, "percent_covered_display": "53", "missing_lines": 22, "excluded_lines": 0}, "missing_lines": [203, 219, 220, 221, 223, 224, 225, 226, 234, 238, 242, 259, 261, 262, 278, 284, 286, 292, 295, 296, 297, 298], "excluded_lines": []}, "RelationshipManager.check_relationship": {"executed_lines": [309, 312], "summary": {"covered_lines": 2, "num_statements": 2, "percent_covered": 100.0, "percent_covered_display": "100", "missing_lines": 0, "excluded_lines": 0}, "missing_lines": [], "excluded_lines": []}, "RelationshipManager.update_relationship": {"executed_lines": [], "summary": {"covered_lines": 0, "num_statements": 17, "percent_covered": 0.0, "percent_covered_display": "0", "missing_lines": 17, "excluded_lines": 0}, "missing_lines": [322, 323, 324, 327, 328, 329, 330, 331, 336, 338, 339, 345, 346, 347, 348, 350, 351], "excluded_lines": []}, "relationship_operation": {"executed_lines": [389, 391, 393, 394, 397, 400, 402, 403, 406, 409, 416, 417, 420, 422, 423, 426, 429, 435, 445, 447, 448], "summary": {"covered_lines": 21, "num_statements": 28, "percent_covered": 75.0, "percent_covered_display": "75", "missing_lines": 7, "excluded_lines": 0}, "missing_lines": [395, 404, 424, 436, 437, 439, 442], "excluded_lines": []}, "": {"executed_lines": [1, 3, 5, 6, 8, 9, 14, 15, 17, 20, 70, 144, 191, 302, 314, 355, 358], "summary": {"covered_lines": 15, "num_statements": 17, "percent_covered": 88.23529411764706, "percent_covered_display": "88", "missing_lines": 2, "excluded_lines": 0}, "missing_lines": [10, 11], "excluded_lines": []}}, "classes": {"RelationshipManager": {"executed_lines": [18, 22, 68, 79, 80, 84, 85, 86, 87, 89, 95, 98, 99, 100, 101, 104, 108, 112, 113, 119, 122, 128, 129, 130, 131, 132, 136, 137, 138, 141, 142, 152, 153, 157, 158, 159, 160, 162, 169, 170, 175, 188, 189, 201, 202, 206, 207, 208, 209, 210, 212, 213, 214, 215, 228, 229, 231, 232, 233, 237, 241, 246, 247, 250, 258, 265, 276, 300, 309, 312], "summary": {"covered_lines": 70, "num_statements": 121, "percent_covered": 57.85123966942149, "percent_covered_display": "58", "missing_lines": 51, "excluded_lines": 0}, "missing_lines": [81, 105, 123, 124, 125, 154, 167, 177, 181, 182, 184, 185, 203, 219, 220, 221, 223, 224, 225, 226, 234, 238, 242, 259, 261, 262, 278, 284, 286, 292, 295, 296, 297, 298, 322, 323, 324, 327, 328, 329, 330, 331, 336, 338, 339, 345, 346, 347, 348, 350, 351], "excluded_lines": []}, "": {"executed_lines": [1, 3, 5, 6, 8, 9, 14, 15, 17, 20, 70, 144, 191, 302, 314, 355, 358, 389, 391, 393, 394, 397, 400, 402, 403, 406, 409, 416, 417, 420, 422, 423, 426, 429, 435, 445, 447, 448], "summary": {"covered_lines": 36, "num_statements": 45, "percent_covered": 80.0, "percent_covered_display": "80", "missing_lines": 9, "excluded_lines": 0}, "missing_lines": [10, 11, 395, 404, 424, 436, 437, 439, 442], "excluded_lines": []}}}, "tools/workflow.py": {"executed_lines": [1, 3, 5, 6, 7, 9, 10, 14, 17, 18, 20, 21, 23, 25, 26, 29, 30, 34, 35, 38, 39, 40, 41, 44, 45, 46, 47, 48, 50, 51, 52, 150, 152, 153, 157, 158, 161, 162, 163, 166, 167, 169, 173, 174, 175, 176, 177, 179, 180, 181, 212, 214, 215, 217, 218, 222, 228, 244, 246, 249, 260, 263, 266, 267, 291, 300, 302, 304, 305, 306, 307, 310, 311, 312, 317, 320, 322, 323, 324, 330, 334, 336, 345, 347, 348, 349, 350, 356, 357, 360, 361, 458, 461, 487, 489, 492, 493, 494, 495, 496, 497, 498, 499, 500, 501, 503, 505, 507, 508], "summary": {"covered_lines": 107, "num_statements": 258, "percent_covered": 41.47286821705426, "percent_covered_display": "41", "missing_lines": 151, "excluded_lines": 0}, "missing_lines": [11, 12, 27, 28, 31, 32, 49, 55, 56, 57, 63, 64, 65, 66, 67, 68, 69, 72, 73, 74, 75, 76, 77, 78, 85, 86, 87, 88, 89, 93, 94, 95, 96, 97, 98, 103, 106, 108, 109, 110, 111, 113, 114, 115, 116, 117, 120, 121, 122, 123, 124, 125, 127, 128, 129, 130, 133, 134, 135, 136, 137, 140, 142, 154, 155, 164, 170, 178, 184, 185, 187, 188, 189, 190, 192, 193, 194, 195, 196, 197, 198, 199, 201, 203, 229, 236, 239, 240, 241, 242, 268, 269, 278, 281, 288, 289, 325, 351, 352, 353, 354, 364, 365, 366, 373, 374, 375, 376, 377, 378, 379, 382, 383, 384, 385, 386, 387, 393, 394, 395, 396, 397, 401, 402, 403, 404, 409, 410, 411, 414, 415, 416, 417, 424, 425, 426, 427, 428, 432, 433, 434, 435, 436, 437, 440, 441, 442, 443, 444, 446, 448], "excluded_lines": [], "functions": {"WorkflowExecutor.__init__": {"executed_lines": [21], "summary": {"covered_lines": 1, "num_statements": 1, "percent_covered": 100.0, "percent_covered_display": "100", "missing_lines": 0, "excluded_lines": 0}, "missing_lines": [], "excluded_lines": []}, "WorkflowExecutor._setup_project_workflow": {"executed_lines": [25, 26, 29, 30, 34, 35, 38, 39, 40, 41, 44, 45, 46, 47, 48, 50, 51, 52], "summary": {"covered_lines": 18, "num_statements": 79, "percent_covered": 22.78481012658228, "percent_covered_display": "23", "missing_lines": 61, "excluded_lines": 0}, "missing_lines": [27, 28, 31, 32, 49, 55, 56, 57, 63, 64, 65, 66, 67, 68, 69, 72, 73, 74, 75, 76, 77, 78, 85, 86, 87, 88, 89, 93, 94, 95, 96, 97, 98, 103, 106, 108, 109, 110, 111, 113, 114, 115, 116, 117, 120, 121, 122, 123, 124, 125, 127, 128, 129, 130, 133, 134, 135, 136, 137, 140, 142], "excluded_lines": []}, "WorkflowExecutor._import_requirements_workflow": {"executed_lines": [152, 153, 157, 158, 161, 162, 163, 166, 167, 169, 173, 174, 175, 176, 177, 179, 180, 181], "summary": {"covered_lines": 18, "num_statements": 39, "percent_covered": 46.15384615384615, "percent_covered_display": "46", "missing_lines": 21, "excluded_lines": 0}, "missing_lines": [154, 155, 164, 170, 178, 184, 185, 187, 188, 189, 190, 192, 193, 194, 195, 196, 197, 198, 199, 201, 203], "excluded_lines": []}, "WorkflowExecutor._setup_test_matrix_workflow": {"executed_lines": [214, 215, 217, 218, 222, 228, 244, 246, 249, 260, 263, 266, 267, 291], "summary": {"covered_lines": 14, "num_statements": 26, "percent_covered": 53.84615384615385, "percent_covered_display": "54", "missing_lines": 12, "excluded_lines": 0}, "missing_lines": [229, 236, 239, 240, 241, 242, 268, 269, 278, 281, 288, 289], "excluded_lines": []}, "WorkflowExecutor._bulk_status_update_workflow": {"executed_lines": [302, 304, 305, 306, 307, 310, 311, 312, 317, 320, 322, 323, 324, 330, 334, 336], "summary": {"covered_lines": 16, "num_statements": 17, "percent_covered": 94.11764705882354, "percent_covered_display": "94", "missing_lines": 1, "excluded_lines": 0}, "missing_lines": [325], "excluded_lines": []}, "WorkflowExecutor._organization_onboarding_workflow": {"executed_lines": [347, 348, 349, 350, 356, 357, 360, 361], "summary": {"covered_lines": 8, "num_statements": 62, "percent_covered": 12.903225806451612, "percent_covered_display": "13", "missing_lines": 54, "excluded_lines": 0}, "missing_lines": [351, 352, 353, 354, 364, 365, 366, 373, 374, 375, 376, 377, 378, 379, 382, 383, 384, 385, 386, 387, 393, 394, 395, 396, 397, 401, 402, 403, 404, 409, 410, 411, 414, 415, 416, 417, 424, 425, 426, 427, 428, 432, 433, 434, 435, 436, 437, 440, 441, 442, 443, 444, 446, 448], "excluded_lines": []}, "workflow_execute": {"executed_lines": [487, 489, 492, 493, 494, 495, 496, 497, 498, 499, 500, 501, 503, 505, 507, 508], "summary": {"covered_lines": 16, "num_statements": 16, "percent_covered": 100.0, "percent_covered_display": "100", "missing_lines": 0, "excluded_lines": 0}, "missing_lines": [], "excluded_lines": []}, "": {"executed_lines": [1, 3, 5, 6, 7, 9, 10, 14, 17, 18, 20, 23, 150, 212, 300, 345, 458, 461], "summary": {"covered_lines": 16, "num_statements": 18, "percent_covered": 88.88888888888889, "percent_covered_display": "89", "missing_lines": 2, "excluded_lines": 0}, "missing_lines": [11, 12], "excluded_lines": []}}, "classes": {"WorkflowExecutor": {"executed_lines": [21, 25, 26, 29, 30, 34, 35, 38, 39, 40, 41, 44, 45, 46, 47, 48, 50, 51, 52, 152, 153, 157, 158, 161, 162, 163, 166, 167, 169, 173, 174, 175, 176, 177, 179, 180, 181, 214, 215, 217, 218, 222, 228, 244, 246, 249, 260, 263, 266, 267, 291, 302, 304, 305, 306, 307, 310, 311, 312, 317, 320, 322, 323, 324, 330, 334, 336, 347, 348, 349, 350, 356, 357, 360, 361], "summary": {"covered_lines": 75, "num_statements": 224, "percent_covered": 33.482142857142854, "percent_covered_display": "33", "missing_lines": 149, "excluded_lines": 0}, "missing_lines": [27, 28, 31, 32, 49, 55, 56, 57, 63, 64, 65, 66, 67, 68, 69, 72, 73, 74, 75, 76, 77, 78, 85, 86, 87, 88, 89, 93, 94, 95, 96, 97, 98, 103, 106, 108, 109, 110, 111, 113, 114, 115, 116, 117, 120, 121, 122, 123, 124, 125, 127, 128, 129, 130, 133, 134, 135, 136, 137, 140, 142, 154, 155, 164, 170, 178, 184, 185, 187, 188, 189, 190, 192, 193, 194, 195, 196, 197, 198, 199, 201, 203, 229, 236, 239, 240, 241, 242, 268, 269, 278, 281, 288, 289, 325, 351, 352, 353, 354, 364, 365, 366, 373, 374, 375, 376, 377, 378, 379, 382, 383, 384, 385, 386, 387, 393, 394, 395, 396, 397, 401, 402, 403, 404, 409, 410, 411, 414, 415, 416, 417, 424, 425, 426, 427, 428, 432, 433, 434, 435, 436, 437, 440, 441, 442, 443, 444, 446, 448], "excluded_lines": []}, "": {"executed_lines": [1, 3, 5, 6, 7, 9, 10, 14, 17, 18, 20, 23, 150, 212, 300, 345, 458, 461, 487, 489, 492, 493, 494, 495, 496, 497, 498, 499, 500, 501, 503, 505, 507, 508], "summary": {"covered_lines": 32, "num_statements": 34, "percent_covered": 94.11764705882354, "percent_covered_display": "94", "missing_lines": 2, "excluded_lines": 0}, "missing_lines": [11, 12], "excluded_lines": []}}}, "tools/workspace.py": {"executed_lines": [1, 3, 5, 7, 8, 13, 14, 16, 17, 19, 21, 23, 32, 39, 40, 42, 45, 51, 52, 54, 55, 57, 58, 61, 62, 64, 65, 67, 68, 86, 88, 105, 108, 118, 131, 133, 134, 159, 168, 170, 173, 174, 175, 178, 179, 187, 191, 194, 202, 205, 228, 230, 232, 233, 235, 236, 238, 239, 240, 241, 243, 244, 250, 251, 254, 256, 258, 259], "summary": {"covered_lines": 66, "num_statements": 91, "percent_covered": 72.52747252747253, "percent_covered_display": "73", "missing_lines": 25, "excluded_lines": 0}, "missing_lines": [9, 10, 66, 70, 71, 72, 73, 74, 75, 76, 78, 79, 80, 81, 82, 83, 84, 136, 146, 148, 156, 157, 188, 192, 231], "excluded_lines": [], "functions": {"WorkspaceManager.__init__": {"executed_lines": [17, 19], "summary": {"covered_lines": 2, "num_statements": 2, "percent_covered": 100.0, "percent_covered_display": "100", "missing_lines": 0, "excluded_lines": 0}, "missing_lines": [], "excluded_lines": []}, "WorkspaceManager.get_context": {"executed_lines": [23], "summary": {"covered_lines": 1, "num_statements": 1, "percent_covered": 100.0, "percent_covered_display": "100", "missing_lines": 0, "excluded_lines": 0}, "missing_lines": [], "excluded_lines": []}, "WorkspaceManager.set_context": {"executed_lines": [39, 40, 42, 45, 51, 52, 54, 55, 57, 58, 61, 62, 64, 65, 67, 68, 86], "summary": {"covered_lines": 17, "num_statements": 32, "percent_covered": 53.125, "percent_covered_display": "53", "missing_lines": 15, "excluded_lines": 0}, "missing_lines": [66, 70, 71, 72, 73, 74, 75, 76, 78, 79, 80, 81, 82, 83, 84], "excluded_lines": []}, "WorkspaceManager.list_workspaces": {"executed_lines": [105, 108, 118, 131, 133, 134, 159], "summary": {"covered_lines": 7, "num_statements": 12, "percent_covered": 58.333333333333336, "percent_covered_display": "58", "missing_lines": 5, "excluded_lines": 0}, "missing_lines": [136, 146, 148, 156, 157], "excluded_lines": []}, "WorkspaceManager.get_smart_defaults": {"executed_lines": [170, 173, 174, 175, 178, 179, 187, 191, 194], "summary": {"covered_lines": 9, "num_statements": 11, "percent_covered": 81.81818181818181, "percent_covered_display": "82", "missing_lines": 2, "excluded_lines": 0}, "missing_lines": [188, 192], "excluded_lines": []}, "workspace_operation": {"executed_lines": [228, 230, 232, 233, 235, 236, 238, 239, 240, 241, 243, 244, 250, 251, 254, 256, 258, 259], "summary": {"covered_lines": 18, "num_statements": 19, "percent_covered": 94.73684210526316, "percent_covered_display": "95", "missing_lines": 1, "excluded_lines": 0}, "missing_lines": [231], "excluded_lines": []}, "": {"executed_lines": [1, 3, 5, 7, 8, 13, 14, 16, 21, 32, 88, 168, 202, 205], "summary": {"covered_lines": 12, "num_statements": 14, "percent_covered": 85.71428571428571, "percent_covered_display": "86", "missing_lines": 2, "excluded_lines": 0}, "missing_lines": [9, 10], "excluded_lines": []}}, "classes": {"WorkspaceManager": {"executed_lines": [17, 19, 23, 39, 40, 42, 45, 51, 52, 54, 55, 57, 58, 61, 62, 64, 65, 67, 68, 86, 105, 108, 118, 131, 133, 134, 159, 170, 173, 174, 175, 178, 179, 187, 191, 194], "summary": {"covered_lines": 36, "num_statements": 58, "percent_covered": 62.06896551724138, "percent_covered_display": "62", "missing_lines": 22, "excluded_lines": 0}, "missing_lines": [66, 70, 71, 72, 73, 74, 75, 76, 78, 79, 80, 81, 82, 83, 84, 136, 146, 148, 156, 157, 188, 192], "excluded_lines": []}, "": {"executed_lines": [1, 3, 5, 7, 8, 13, 14, 16, 21, 32, 88, 168, 202, 205, 228, 230, 232, 233, 235, 236, 238, 239, 240, 241, 243, 244, 250, 251, 254, 256, 258, 259], "summary": {"covered_lines": 30, "num_statements": 33, "percent_covered": 90.9090909090909, "percent_covered_display": "91", "missing_lines": 3, "excluded_lines": 0}, "missing_lines": [9, 10, 231], "excluded_lines": []}}}}, "totals": {"covered_lines": 3020, "num_statements": 12758, "percent_covered": 23.67142185295501, "percent_covered_display": "24", "missing_lines": 9738, "excluded_lines": 16}}