{"meta": {"format": 3, "version": "7.11.3", "timestamp": "2025-11-13T02:02:02.198315", "branch_coverage": false, "show_contexts": false}, "files": {"services/auth/__init__.py": {"executed_lines": [0], "summary": {"covered_lines": 0, "num_statements": 0, "percent_covered": 100.0, "percent_covered_display": "100", "missing_lines": 0, "excluded_lines": 0}, "missing_lines": [], "excluded_lines": [], "functions": {"": {"executed_lines": [], "summary": {"covered_lines": 0, "num_statements": 0, "percent_covered": 100.0, "percent_covered_display": "100", "missing_lines": 0, "excluded_lines": 0}, "missing_lines": [], "excluded_lines": []}}, "classes": {"": {"executed_lines": [], "summary": {"covered_lines": 0, "num_statements": 0, "percent_covered": 100.0, "percent_covered_display": "100", "missing_lines": 0, "excluded_lines": 0}, "missing_lines": [], "excluded_lines": []}}}, "services/auth/hybrid_auth_provider.py": {"executed_lines": [1, 9, 11, 12, 13, 14, 15, 17, 20, 21, 23, 38, 42, 43, 44, 45, 46, 49, 50, 51, 60, 63, 64, 65, 70, 72, 89, 91, 92, 95, 96, 97, 98, 99, 100, 101, 104, 105, 106, 107, 108, 113, 114, 117, 118, 120, 122, 124, 126, 128, 129, 131, 133, 134, 136, 138, 150, 152, 154, 156, 162, 163, 164, 166, 178, 198, 204], "summary": {"covered_lines": 65, "num_statements": 70, "percent_covered": 92.85714285714286, "percent_covered_display": "93", "missing_lines": 5, "excluded_lines": 0}, "missing_lines": [109, 110, 172, 173, 175], "excluded_lines": [], "functions": {"HybridAuthProvider.__init__": {"executed_lines": [38, 42, 43, 44, 45, 46, 49, 50, 51, 60, 63, 64, 65, 70], "summary": {"covered_lines": 14, "num_statements": 14, "percent_covered": 100.0, "percent_covered_display": "100", "missing_lines": 0, "excluded_lines": 0}, "missing_lines": [], "excluded_lines": []}, "HybridAuthProvider.authenticate": {"executed_lines": [89, 91, 92, 95, 96, 97, 98, 99, 100, 101, 104, 105, 106, 107, 108, 113, 114, 117, 118], "summary": {"covered_lines": 19, "num_statements": 21, "percent_covered": 90.47619047619048, "percent_covered_display": "90", "missing_lines": 2, "excluded_lines": 0}, "missing_lines": [109, 110], "excluded_lines": []}, "HybridAuthProvider.get_authorization_url": {"executed_lines": [122], "summary": {"covered_lines": 1, "num_statements": 1, "percent_covered": 100.0, "percent_covered_display": "100", "missing_lines": 0, "excluded_lines": 0}, "missing_lines": [], "excluded_lines": []}, "HybridAuthProvider.handle_callback": {"executed_lines": [126], "summary": {"covered_lines": 1, "num_statements": 1, "percent_covered": 100.0, "percent_covered_display": "100", "missing_lines": 0, "excluded_lines": 0}, "missing_lines": [], "excluded_lines": []}, "HybridAuthProvider.requires_browser": {"executed_lines": [131], "summary": {"covered_lines": 1, "num_statements": 1, "percent_covered": 100.0, "percent_covered_display": "100", "missing_lines": 0, "excluded_lines": 0}, "missing_lines": [], "excluded_lines": []}, "HybridAuthProvider.supports_bearer_tokens": {"executed_lines": [136], "summary": {"covered_lines": 1, "num_statements": 1, "percent_covered": 100.0, "percent_covered_display": "100", "missing_lines": 0, "excluded_lines": 0}, "missing_lines": [], "excluded_lines": []}, "HybridAuthProvider.get_routes": {"executed_lines": [150], "summary": {"covered_lines": 1, "num_statements": 1, "percent_covered": 100.0, "percent_covered_display": "100", "missing_lines": 0, "excluded_lines": 0}, "missing_lines": [], "excluded_lines": []}, "HybridAuthProvider.get_resource_metadata_url": {"executed_lines": [154], "summary": {"covered_lines": 1, "num_statements": 1, "percent_covered": 100.0, "percent_covered_display": "100", "missing_lines": 0, "excluded_lines": 0}, "missing_lines": [], "excluded_lines": []}, "HybridAuthProvider.get_middleware": {"executed_lines": [162, 163, 164], "summary": {"covered_lines": 3, "num_statements": 3, "percent_covered": 100.0, "percent_covered_display": "100", "missing_lines": 0, "excluded_lines": 0}, "missing_lines": [], "excluded_lines": []}, "HybridAuthProvider._get_resource_url": {"executed_lines": [], "summary": {"covered_lines": 0, "num_statements": 3, "percent_covered": 0.0, "percent_covered_display": "0", "missing_lines": 3, "excluded_lines": 0}, "missing_lines": [172, 173, 175], "excluded_lines": []}, "create_hybrid_auth_provider": {"executed_lines": [198, 204], "summary": {"covered_lines": 2, "num_statements": 2, "percent_covered": 100.0, "percent_covered_display": "100", "missing_lines": 0, "excluded_lines": 0}, "missing_lines": [], "excluded_lines": []}, "": {"executed_lines": [1, 9, 11, 12, 13, 14, 15, 17, 20, 21, 23, 72, 120, 124, 128, 129, 133, 134, 138, 152, 156, 166, 178], "summary": {"covered_lines": 21, "num_statements": 21, "percent_covered": 100.0, "percent_covered_display": "100", "missing_lines": 0, "excluded_lines": 0}, "missing_lines": [], "excluded_lines": []}}, "classes": {"HybridAuthProvider": {"executed_lines": [38, 42, 43, 44, 45, 46, 49, 50, 51, 60, 63, 64, 65, 70, 89, 91, 92, 95, 96, 97, 98, 99, 100, 101, 104, 105, 106, 107, 108, 113, 114, 117, 118, 122, 126, 131, 136, 150, 154, 162, 163, 164], "summary": {"covered_lines": 42, "num_statements": 47, "percent_covered": 89.36170212765957, "percent_covered_display": "89", "missing_lines": 5, "excluded_lines": 0}, "missing_lines": [109, 110, 172, 173, 175], "excluded_lines": []}, "": {"executed_lines": [1, 9, 11, 12, 13, 14, 15, 17, 20, 21, 23, 72, 120, 124, 128, 129, 133, 134, 138, 152, 156, 166, 178, 198, 204], "summary": {"covered_lines": 23, "num_statements": 23, "percent_covered": 100.0, "percent_covered_display": "100", "missing_lines": 0, "excluded_lines": 0}, "missing_lines": [], "excluded_lines": []}}}, "services/auth/token_cache.py": {"executed_lines": [1, 7, 9, 10, 11, 12, 14, 17, 18, 24, 25, 28, 30, 36, 37, 39, 51, 53, 55, 64, 65, 67, 70, 71, 73, 74, 76, 77, 79, 80, 83, 84, 89, 91, 92, 94, 95, 96, 98, 114, 115, 117, 120, 121, 122, 124, 126, 128, 130, 131, 133, 134, 135, 137, 143, 144, 146, 149, 150, 151, 153, 154, 155, 156, 157, 159, 165, 168, 170, 171, 173, 177, 179, 181, 183, 185, 191, 192, 194, 195, 196, 197, 199, 200, 202, 209, 210, 211, 215, 218, 226, 228, 229, 230, 231, 235, 236, 241, 244, 247], "summary": {"covered_lines": 98, "num_statements": 104, "percent_covered": 94.23076923076923, "percent_covered_display": "94", "missing_lines": 6, "excluded_lines": 0}, "missing_lines": [86, 166, 174, 175, 232, 233], "excluded_lines": [], "functions": {"TokenCache.__init__": {"executed_lines": [36, 37], "summary": {"covered_lines": 2, "num_statements": 2, "percent_covered": 100.0, "percent_covered_display": "100", "missing_lines": 0, "excluded_lines": 0}, "missing_lines": [], "excluded_lines": []}, "TokenCache._make_key": {"executed_lines": [51, 53], "summary": {"covered_lines": 2, "num_statements": 2, "percent_covered": 100.0, "percent_covered_display": "100", "missing_lines": 0, "excluded_lines": 0}, "missing_lines": [], "excluded_lines": []}, "TokenCache.get": {"executed_lines": [64, 65, 67, 70, 71, 73, 74, 76, 77, 79, 80, 83, 84, 89, 91, 92, 94, 95, 96], "summary": {"covered_lines": 19, "num_statements": 20, "percent_covered": 95.0, "percent_covered_display": "95", "missing_lines": 1, "excluded_lines": 0}, "missing_lines": [86], "excluded_lines": []}, "TokenCache.set": {"executed_lines": [114, 115, 117, 120, 121, 122, 124, 126, 128, 130, 131, 133, 134, 135], "summary": {"covered_lines": 14, "num_statements": 14, "percent_covered": 100.0, "percent_covered_display": "100", "missing_lines": 0, "excluded_lines": 0}, "missing_lines": [], "excluded_lines": []}, "TokenCache.invalidate": {"executed_lines": [143, 144, 146, 149, 150, 151, 153, 154, 155, 156, 157], "summary": {"covered_lines": 11, "num_statements": 11, "percent_covered": 100.0, "percent_covered_display": "100", "missing_lines": 0, "excluded_lines": 0}, "missing_lines": [], "excluded_lines": []}, "TokenCache._record_stat": {"executed_lines": [165, 168, 170, 171, 173], "summary": {"covered_lines": 5, "num_statements": 8, "percent_covered": 62.5, "percent_covered_display": "62", "missing_lines": 3, "excluded_lines": 0}, "missing_lines": [166, 174, 175], "excluded_lines": []}, "TokenCache.track_validation": {"executed_lines": [179], "summary": {"covered_lines": 1, "num_statements": 1, "percent_covered": 100.0, "percent_covered_display": "100", "missing_lines": 0, "excluded_lines": 0}, "missing_lines": [], "excluded_lines": []}, "TokenCache.track_miss": {"executed_lines": [183], "summary": {"covered_lines": 1, "num_statements": 1, "percent_covered": 100.0, "percent_covered_display": "100", "missing_lines": 0, "excluded_lines": 0}, "missing_lines": [], "excluded_lines": []}, "TokenCache.get_stats": {"executed_lines": [191, 192, 194, 195, 196, 197, 199, 200, 202, 209, 210, 211], "summary": {"covered_lines": 12, "num_statements": 12, "percent_covered": 100.0, "percent_covered_display": "100", "missing_lines": 0, "excluded_lines": 0}, "missing_lines": [], "excluded_lines": []}, "get_token_cache": {"executed_lines": [226, 228, 229, 230, 231, 235, 236, 241], "summary": {"covered_lines": 8, "num_statements": 10, "percent_covered": 80.0, "percent_covered_display": "80", "missing_lines": 2, "excluded_lines": 0}, "missing_lines": [232, 233], "excluded_lines": []}, "reset_token_cache": {"executed_lines": [247], "summary": {"covered_lines": 1, "num_statements": 1, "percent_covered": 100.0, "percent_covered_display": "100", "missing_lines": 0, "excluded_lines": 0}, "missing_lines": [], "excluded_lines": []}, "": {"executed_lines": [1, 7, 9, 10, 11, 12, 14, 17, 18, 24, 25, 28, 30, 39, 55, 98, 137, 159, 177, 181, 185, 215, 218, 244], "summary": {"covered_lines": 22, "num_statements": 22, "percent_covered": 100.0, "percent_covered_display": "100", "missing_lines": 0, "excluded_lines": 0}, "missing_lines": [], "excluded_lines": []}}, "classes": {"TokenCache": {"executed_lines": [36, 37, 51, 53, 64, 65, 67, 70, 71, 73, 74, 76, 77, 79, 80, 83, 84, 89, 91, 92, 94, 95, 96, 114, 115, 117, 120, 121, 122, 124, 126, 128, 130, 131, 133, 134, 135, 143, 144, 146, 149, 150, 151, 153, 154, 155, 156, 157, 165, 168, 170, 171, 173, 179, 183, 191, 192, 194, 195, 196, 197, 199, 200, 202, 209, 210, 211], "summary": {"covered_lines": 67, "num_statements": 71, "percent_covered": 94.36619718309859, "percent_covered_display": "94", "missing_lines": 4, "excluded_lines": 0}, "missing_lines": [86, 166, 174, 175], "excluded_lines": []}, "": {"executed_lines": [1, 7, 9, 10, 11, 12, 14, 17, 18, 24, 25, 28, 30, 39, 55, 98, 137, 159, 177, 181, 185, 215, 218, 226, 228, 229, 230, 231, 235, 236, 241, 244, 247], "summary": {"covered_lines": 31, "num_statements": 33, "percent_covered": 93.93939393939394, "percent_covered_display": "94", "missing_lines": 2, "excluded_lines": 0}, "missing_lines": [232, 233], "excluded_lines": []}}}}, "totals": {"covered_lines": 163, "num_statements": 174, "percent_covered": 93.67816091954023, "percent_covered_display": "94", "missing_lines": 11, "excluded_lines": 0}}